2025-08-04 14:33:19.326 +07:00 [INF] Request starting HTTP/2 GET https://localhost:44306/ - null null
2025-08-04 14:33:19.356 +07:00 [INF] Application started. Press Ctrl+C to shut down.
2025-08-04 14:33:19.384 +07:00 [INF] Hosting environment: Development
2025-08-04 14:33:19.384 +07:00 [INF] Content root path: D:\งานOrange\โปรเจค จาก Git\Recruitment\CRM\Recruitment
2025-08-04 14:33:20.108 +07:00 [INF] Executing endpoint '/Frontend/Index'
2025-08-04 14:33:20.150 +07:00 [INF] Route matched with {page = "/Frontend/Index", area = ""}. Executing page /Frontend/Index
2025-08-04 14:33:20.160 +07:00 [INF] Executing handler method Recruitment.Pages.Frontend.IndexModel.OnGet - ModelState is "Valid"
2025-08-04 14:33:20.161 +07:00 [INF] Executed handler method OnGet, returned result .
2025-08-04 14:33:20.163 +07:00 [INF] Executing an implicit handler method - ModelState is "Valid"
2025-08-04 14:33:20.164 +07:00 [INF] Executed an implicit handler method, returned result Microsoft.AspNetCore.Mvc.RazorPages.PageResult.
2025-08-04 14:33:20.311 +07:00 [INF] Executed page /Frontend/Index in 157.0293ms
2025-08-04 14:33:20.410 +07:00 [INF] Executed endpoint '/Frontend/Index'
2025-08-04 14:33:20.412 +07:00 [INF] Request starting HTTP/2 GET https://localhost:44306/Frontend/css/slick.css - null null
2025-08-04 14:33:20.412 +07:00 [INF] Request starting HTTP/2 GET https://localhost:44306/Frontend/css/bootstrap-datepicker3.standalone.min.css - null null
2025-08-04 14:33:20.412 +07:00 [INF] Request starting HTTP/2 GET https://localhost:44306/Frontend/css/layout.css - null null
2025-08-04 14:33:20.430 +07:00 [INF] Request starting HTTP/2 GET https://localhost:44306/Frontend/js/jquery-ui.js - null null
2025-08-04 14:33:20.446 +07:00 [INF] Request starting HTTP/2 GET https://localhost:44306/Frontend/js/bootstrap.min.js - null null
2025-08-04 14:33:20.482 +07:00 [INF] Request starting HTTP/2 GET https://localhost:44306/Frontend/js/wow.min.js - null null
2025-08-04 14:33:20.495 +07:00 [INF] Request starting HTTP/2 GET https://localhost:44306/Frontend/js/bootstrap-datepicker.th.min.js - null null
2025-08-04 14:33:20.499 +07:00 [INF] The file /Frontend/css/slick.css was not modified
2025-08-04 14:33:20.499 +07:00 [INF] The file /Frontend/js/bootstrap.min.js was not modified
2025-08-04 14:33:20.499 +07:00 [INF] The file /Frontend/js/bootstrap-datepicker.th.min.js was not modified
2025-08-04 14:33:20.499 +07:00 [INF] The file /Frontend/js/wow.min.js was not modified
2025-08-04 14:33:20.499 +07:00 [INF] The file /Frontend/css/layout.css was not modified
2025-08-04 14:33:20.499 +07:00 [INF] The file /Frontend/css/bootstrap-datepicker3.standalone.min.css was not modified
2025-08-04 14:33:20.499 +07:00 [INF] The file /Frontend/js/jquery-ui.js was not modified
2025-08-04 14:33:20.502 +07:00 [INF] Request starting HTTP/2 GET https://localhost:44306/images/360_F_226341850_7XM3ivXOQeMozdnbEbuWR7wCkIP4ca4a.jpg - null null
2025-08-04 14:33:20.502 +07:00 [INF] Request starting HTTP/2 GET https://localhost:44306/Frontend/js/bootstrap-datepicker.min.js - null null
2025-08-04 14:33:20.504 +07:00 [INF] The file /images/360_F_226341850_7XM3ivXOQeMozdnbEbuWR7wCkIP4ca4a.jpg was not modified
2025-08-04 14:33:20.504 +07:00 [INF] The file /Frontend/js/bootstrap-datepicker.min.js was not modified
2025-08-04 14:33:20.514 +07:00 [INF] Request starting HTTP/2 GET https://localhost:44306/Frontend/js/jquery.fancybox.min.js - null null
2025-08-04 14:33:20.515 +07:00 [INF] The file /Frontend/js/jquery.fancybox.min.js was not modified
2025-08-04 14:33:20.527 +07:00 [INF] Request finished HTTP/2 GET https://localhost:44306/Frontend/css/bootstrap-datepicker3.standalone.min.css - 304 null text/css 187.7697ms
2025-08-04 14:33:20.527 +07:00 [INF] Request finished HTTP/2 GET https://localhost:44306/images/360_F_226341850_7XM3ivXOQeMozdnbEbuWR7wCkIP4ca4a.jpg - 304 null image/jpeg 16.856ms
2025-08-04 14:33:20.527 +07:00 [INF] Request finished HTTP/2 GET https://localhost:44306/Frontend/js/jquery.fancybox.min.js - 304 null text/javascript 6.2462ms
2025-08-04 14:33:20.530 +07:00 [INF] Request starting HTTP/2 GET https://localhost:44306/Frontend/js/modernizr.js - null null
2025-08-04 14:33:20.527 +07:00 [INF] Request finished HTTP/2 GET https://localhost:44306/Frontend/js/bootstrap.min.js - 304 null text/javascript 70.3404ms
2025-08-04 14:33:20.531 +07:00 [INF] The file /Frontend/js/modernizr.js was not modified
2025-08-04 14:33:20.531 +07:00 [INF] Request starting HTTP/2 GET https://localhost:44306/assets/plugins/select2/css/select2.min.css - null null
2025-08-04 14:33:20.528 +07:00 [INF] Request finished HTTP/2 GET https://localhost:44306/Frontend/css/layout.css - 304 null text/css 195.0237ms
2025-08-04 14:33:20.528 +07:00 [INF] Request finished HTTP/2 GET https://localhost:44306/Frontend/js/jquery-ui.js - 304 null text/javascript 96.1723ms
2025-08-04 14:33:20.530 +07:00 [INF] Request starting HTTP/2 GET https://localhost:44306/assets/plugins/sweetalert/sweetalert2.all.min.js - null null
2025-08-04 14:33:20.533 +07:00 [INF] The file /assets/plugins/select2/css/select2.min.css was not modified
2025-08-04 14:33:20.528 +07:00 [INF] Request finished HTTP/2 GET https://localhost:44306/Frontend/js/wow.min.js - 304 null text/javascript 34.4619ms
2025-08-04 14:33:20.528 +07:00 [INF] Request finished HTTP/2 GET https://localhost:44306/Frontend/js/bootstrap-datepicker.th.min.js - 304 null text/javascript 21.4002ms
2025-08-04 14:33:20.528 +07:00 [INF] Request finished HTTP/2 GET https://localhost:44306/Frontend/js/bootstrap-datepicker.min.js - 304 null text/javascript 12.2298ms
2025-08-04 14:33:20.533 +07:00 [INF] Request finished HTTP/2 GET https://localhost:44306/assets/plugins/select2/css/select2.min.css - 304 null text/css 2.4071ms
2025-08-04 14:33:20.530 +07:00 [INF] Request starting HTTP/2 GET https://localhost:44306/assets/plugins/sweetalert/sweetalerts.min.js - null null
2025-08-04 14:33:20.531 +07:00 [INF] Request starting HTTP/2 GET https://localhost:44306/assets/plugins/select2/js/select2.min.js - null null
2025-08-04 14:33:20.533 +07:00 [INF] Request starting HTTP/2 GET https://localhost:44306/lib/bootstrap/dist/js/bootstrap.bundle.min.js - null null
2025-08-04 14:33:20.534 +07:00 [INF] The file /assets/plugins/sweetalert/sweetalerts.min.js was not modified
2025-08-04 14:33:20.528 +07:00 [INF] Request finished HTTP/2 GET https://localhost:44306/Frontend/css/slick.css - 304 null text/css 199.5923ms
2025-08-04 14:33:20.533 +07:00 [INF] Request starting HTTP/2 GET https://localhost:44306/images/curve.svg - null null
2025-08-04 14:33:20.537 +07:00 [INF] Request starting HTTP/2 GET https://localhost:44306/lib/jquery/dist/jquery.min.js - null null
2025-08-04 14:33:20.538 +07:00 [INF] The file /assets/plugins/sweetalert/sweetalert2.all.min.js was not modified
2025-08-04 14:33:20.533 +07:00 [INF] Request finished HTTP/2 GET https://localhost:44306/Frontend/js/modernizr.js - 304 null text/javascript 2.62ms
2025-08-04 14:33:20.533 +07:00 [INF] Request starting HTTP/2 GET https://localhost:44306/Frontend/js/jquery.min.js - null null
2025-08-04 14:33:20.534 +07:00 [INF] The file /lib/bootstrap/dist/js/bootstrap.bundle.min.js was not modified
2025-08-04 14:33:20.533 +07:00 [INF] Request starting HTTP/2 GET https://localhost:44306/Frontend/js/slick.min.js - null null
2025-08-04 14:33:20.539 +07:00 [INF] Request starting HTTP/2 GET https://localhost:44306/_vs/browserLink - null null
2025-08-04 14:33:20.534 +07:00 [INF] Request starting HTTP/2 GET https://localhost:44306/js/site.js?v=4q1jwFhaPaZgr8WAUSrux6hAuh0XDg9kPS3xIVq36I0 - null null
2025-08-04 14:33:20.539 +07:00 [INF] Request finished HTTP/2 GET https://localhost:44306/lib/bootstrap/dist/js/bootstrap.bundle.min.js - 304 null text/javascript 6.0152ms
2025-08-04 14:33:20.539 +07:00 [INF] The file /Frontend/js/slick.min.js was not modified
2025-08-04 14:33:20.534 +07:00 [INF] The file /assets/plugins/select2/js/select2.min.js was not modified
2025-08-04 14:33:20.539 +07:00 [INF] The file /Frontend/js/jquery.min.js was not modified
2025-08-04 14:33:20.540 +07:00 [INF] Request starting HTTP/2 GET https://localhost:44306/_framework/aspnetcore-browser-refresh.js - null null
2025-08-04 14:33:20.534 +07:00 [INF] Request finished HTTP/2 GET https://localhost:44306/assets/plugins/sweetalert/sweetalerts.min.js - 304 null text/javascript 3.3294ms
2025-08-04 14:33:20.539 +07:00 [INF] The file /images/curve.svg was not modified
2025-08-04 14:33:20.539 +07:00 [INF] Request starting HTTP/2 GET https://localhost:44306/Frontend/js/owl.carousel.js - null null
2025-08-04 14:33:20.540 +07:00 [INF] Request finished HTTP/2 GET https://localhost:44306/Frontend/js/jquery.min.js - 304 null text/javascript 6.1542ms
2025-08-04 14:33:20.540 +07:00 [INF] Request finished HTTP/2 GET https://localhost:44306/Frontend/js/slick.min.js - 304 null text/javascript 6.152ms
2025-08-04 14:33:20.539 +07:00 [INF] The file /js/site.js was not modified
2025-08-04 14:33:20.540 +07:00 [INF] Request finished HTTP/2 GET https://localhost:44306/assets/plugins/select2/js/select2.min.js - 304 null text/javascript 8.6211ms
2025-08-04 14:33:20.539 +07:00 [INF] Request finished HTTP/2 GET https://localhost:44306/assets/plugins/sweetalert/sweetalert2.all.min.js - 304 null text/javascript 8.9141ms
2025-08-04 14:33:20.545 +07:00 [INF] Request finished HTTP/2 GET https://localhost:44306/js/site.js?v=4q1jwFhaPaZgr8WAUSrux6hAuh0XDg9kPS3xIVq36I0 - 304 null text/javascript 11.5412ms
2025-08-04 14:33:20.545 +07:00 [INF] Request finished HTTP/2 GET https://localhost:44306/images/curve.svg - 304 null image/svg+xml 11.6379ms
2025-08-04 14:33:20.545 +07:00 [INF] The file /Frontend/js/owl.carousel.js was not modified
2025-08-04 14:33:20.545 +07:00 [INF] Request starting HTTP/2 GET https://localhost:44306/Frontend/css/bootstrap.min.css - null null
2025-08-04 14:33:20.545 +07:00 [INF] Request finished HTTP/2 GET https://localhost:44306/Frontend/js/owl.carousel.js - 304 null text/javascript 6.2963ms
2025-08-04 14:33:20.545 +07:00 [INF] Request starting HTTP/2 GET https://localhost:44306/Frontend/css/bootstrap-icons.css - null null
2025-08-04 14:33:20.546 +07:00 [INF] The file /Frontend/css/bootstrap.min.css was not modified
2025-08-04 14:33:20.546 +07:00 [INF] Request starting HTTP/2 GET https://localhost:44306/Frontend/css/menu.css - null null
2025-08-04 14:33:20.546 +07:00 [INF] Request finished HTTP/2 GET https://localhost:44306/Frontend/css/bootstrap.min.css - 304 null text/css 0.7824ms
2025-08-04 14:33:20.546 +07:00 [INF] The file /Frontend/css/menu.css was not modified
2025-08-04 14:33:20.546 +07:00 [INF] Request starting HTTP/2 GET https://localhost:44306/Frontend/css/animate.css - null null
2025-08-04 14:33:20.546 +07:00 [INF] Request finished HTTP/2 GET https://localhost:44306/Frontend/css/menu.css - 304 null text/css 0.3615ms
2025-08-04 14:33:20.546 +07:00 [INF] The file /Frontend/css/animate.css was not modified
2025-08-04 14:33:20.546 +07:00 [INF] Request finished HTTP/2 GET https://localhost:44306/Frontend/css/animate.css - 304 null text/css 0.3246ms
2025-08-04 14:33:20.545 +07:00 [INF] The file /lib/jquery/dist/jquery.min.js was not modified
2025-08-04 14:33:20.546 +07:00 [INF] Request finished HTTP/2 GET https://localhost:44306/lib/jquery/dist/jquery.min.js - 304 null text/javascript 13.2205ms
2025-08-04 14:33:20.545 +07:00 [INF] Request starting HTTP/2 GET https://localhost:44306/Frontend/css/jquery.fancybox.min.css - null null
2025-08-04 14:33:20.545 +07:00 [INF] Request starting HTTP/2 GET https://localhost:44306/Frontend/css/owl.carousel.min.css - null null
2025-08-04 14:33:20.547 +07:00 [INF] The file /Frontend/css/jquery.fancybox.min.css was not modified
2025-08-04 14:33:20.545 +07:00 [INF] Request starting HTTP/2 GET https://localhost:44306/Frontend/css/fullcalendar.css - null null
2025-08-04 14:33:20.545 +07:00 [INF] Request starting HTTP/2 GET https://localhost:44306/Frontend/css/jquery-ui.css - null null
2025-08-04 14:33:20.547 +07:00 [INF] The file /Frontend/css/owl.carousel.min.css was not modified
2025-08-04 14:33:20.546 +07:00 [INF] The file /Frontend/css/bootstrap-icons.css was not modified
2025-08-04 14:33:20.547 +07:00 [INF] The file /Frontend/css/fullcalendar.css was not modified
2025-08-04 14:33:20.547 +07:00 [INF] Request finished HTTP/2 GET https://localhost:44306/Frontend/css/owl.carousel.min.css - 304 null text/css 1.9368ms
2025-08-04 14:33:20.547 +07:00 [INF] Request finished HTTP/2 GET https://localhost:44306/Frontend/css/bootstrap-icons.css - 304 null text/css 2.8147ms
2025-08-04 14:33:20.545 +07:00 [INF] Request starting HTTP/2 GET https://localhost:44306/Frontend/css/owl.theme.default.min.css - null null
2025-08-04 14:33:20.547 +07:00 [INF] Request finished HTTP/2 GET https://localhost:44306/Frontend/css/fullcalendar.css - 304 null text/css 2.4396ms
2025-08-04 14:33:20.547 +07:00 [INF] The file /Frontend/css/jquery-ui.css was not modified
2025-08-04 14:33:20.547 +07:00 [INF] Request finished HTTP/2 GET https://localhost:44306/Frontend/css/jquery.fancybox.min.css - 304 null text/css 1.9953ms
2025-08-04 14:33:20.548 +07:00 [INF] The file /Frontend/css/owl.theme.default.min.css was not modified
2025-08-04 14:33:20.548 +07:00 [INF] Request finished HTTP/2 GET https://localhost:44306/Frontend/css/jquery-ui.css - 304 null text/css 2.2839ms
2025-08-04 14:33:20.548 +07:00 [INF] Request finished HTTP/2 GET https://localhost:44306/Frontend/css/owl.theme.default.min.css - 304 null text/css 2.6656ms
2025-08-04 14:33:20.548 +07:00 [INF] Request finished HTTP/2 GET https://localhost:44306/ - 200 null text/html; charset=utf-8 1236.6301ms
2025-08-04 14:33:20.549 +07:00 [INF] Request finished HTTP/2 GET https://localhost:44306/_framework/aspnetcore-browser-refresh.js - 200 16507 application/javascript; charset=utf-8 8.0013ms
2025-08-04 14:33:20.575 +07:00 [INF] Request starting HTTP/2 GET https://localhost:44306/images/bg-career.jpg - null null
2025-08-04 14:33:20.575 +07:00 [INF] Request starting HTTP/2 GET https://localhost:44306/images/icon_arrow-white.svg - null null
2025-08-04 14:33:20.575 +07:00 [INF] The file /images/icon_arrow-white.svg was not modified
2025-08-04 14:33:20.575 +07:00 [INF] The file /images/bg-career.jpg was not modified
2025-08-04 14:33:20.576 +07:00 [INF] Request finished HTTP/2 GET https://localhost:44306/images/icon_arrow-white.svg - 304 null image/svg+xml 0.9524ms
2025-08-04 14:33:20.576 +07:00 [INF] Request finished HTTP/2 GET https://localhost:44306/images/bg-career.jpg - 304 null image/jpeg 0.9525ms
2025-08-04 14:33:20.596 +07:00 [INF] Request starting HTTP/2 GET https://localhost:44306/font/bootstrap-icons.woff2 - null null
2025-08-04 14:33:20.596 +07:00 [INF] The file /font/bootstrap-icons.woff2 was not modified
2025-08-04 14:33:20.596 +07:00 [INF] Request finished HTTP/2 GET https://localhost:44306/font/bootstrap-icons.woff2 - 304 null font/woff2 0.7393ms
2025-08-04 14:33:20.608 +07:00 [INF] Request finished HTTP/2 GET https://localhost:44306/_vs/browserLink - 200 null text/javascript; charset=UTF-8 68.3222ms
2025-08-04 14:33:20.708 +07:00 [INF] Request starting HTTP/2 GET https://localhost:44306/favicon.ico - null null
2025-08-04 14:33:20.731 +07:00 [INF] Sending file. Request path: '/favicon.ico'. Physical path: 'D:\งานOrange\โปรเจค จาก Git\Recruitment\CRM\Recruitment\wwwroot\favicon.ico'
2025-08-04 14:33:20.731 +07:00 [INF] Request finished HTTP/2 GET https://localhost:44306/favicon.ico - 200 5430 image/x-icon 23.1551ms
2025-08-04 14:33:25.537 +07:00 [INF] Request starting HTTP/2 GET https://localhost:44306/Backend/Index - null null
2025-08-04 14:33:25.552 +07:00 [INF] Authorization failed. These requirements were not met:
DenyAnonymousAuthorizationRequirement: Requires an authenticated user.
2025-08-04 14:33:25.557 +07:00 [INF] AuthenticationScheme: Identity.Application was challenged.
2025-08-04 14:33:25.558 +07:00 [INF] Request finished HTTP/2 GET https://localhost:44306/Backend/Index - 302 null null 20.5041ms
2025-08-04 14:33:25.561 +07:00 [INF] Request starting HTTP/2 GET https://localhost:44306/Identity/Account/Login?ReturnUrl=%2FBackend%2FIndex - null null
2025-08-04 14:33:25.566 +07:00 [INF] Executing endpoint '/Account/Login'
2025-08-04 14:33:25.580 +07:00 [INF] Route matched with {page = "/Account/Login", area = "Identity"}. Executing page /Account/Login
2025-08-04 14:33:25.907 +07:00 [INF] Executing handler method Recruitment.Areas.Identity.Pages.Account.LoginModel.OnGetAsync - ModelState is "Valid"
2025-08-04 14:33:25.911 +07:00 [INF] AuthenticationScheme: Identity.External signed out.
2025-08-04 14:33:25.912 +07:00 [INF] Executed handler method OnGetAsync, returned result .
2025-08-04 14:33:25.912 +07:00 [INF] Executing an implicit handler method - ModelState is "Valid"
2025-08-04 14:33:25.912 +07:00 [INF] Executed an implicit handler method, returned result Microsoft.AspNetCore.Mvc.RazorPages.PageResult.
2025-08-04 14:33:25.945 +07:00 [INF] Executed page /Account/Login in 365.1776ms
2025-08-04 14:33:25.946 +07:00 [INF] Executed endpoint '/Account/Login'
2025-08-04 14:33:25.947 +07:00 [INF] Request finished HTTP/2 GET https://localhost:44306/Identity/Account/Login?ReturnUrl=%2FBackend%2FIndex - 200 null text/html; charset=utf-8 386.332ms
2025-08-04 14:33:25.957 +07:00 [INF] Request starting HTTP/2 GET https://localhost:44306/assets/plugins/fontawesome/css/all.min.css - null null
2025-08-04 14:33:25.957 +07:00 [INF] Request starting HTTP/2 GET https://localhost:44306/assets/img/logo-white.png - null null
2025-08-04 14:33:25.957 +07:00 [INF] Request starting HTTP/2 GET https://localhost:44306/assets/css/bootstrap.min.css - null null
2025-08-04 14:33:25.957 +07:00 [INF] Request starting HTTP/2 GET https://localhost:44306/assets/img/logo.png - null null
2025-08-04 14:33:25.957 +07:00 [INF] Request starting HTTP/2 GET https://localhost:44306/assets/css/style.css - null null
2025-08-04 14:33:25.957 +07:00 [INF] Request starting HTTP/2 GET https://localhost:44306/assets/plugins/fontawesome/css/fontawesome.min.css - null null
2025-08-04 14:33:25.958 +07:00 [INF] The file /assets/css/style.css was not modified
2025-08-04 14:33:25.958 +07:00 [INF] The file /assets/plugins/fontawesome/css/all.min.css was not modified
2025-08-04 14:33:25.958 +07:00 [INF] The file /assets/img/logo.png was not modified
2025-08-04 14:33:25.958 +07:00 [INF] The file /assets/img/logo-white.png was not modified
2025-08-04 14:33:25.958 +07:00 [INF] The file /assets/css/bootstrap.min.css was not modified
2025-08-04 14:33:25.958 +07:00 [INF] Request finished HTTP/2 GET https://localhost:44306/assets/img/logo.png - 304 null image/png 0.793ms
2025-08-04 14:33:25.958 +07:00 [INF] Request finished HTTP/2 GET https://localhost:44306/assets/css/bootstrap.min.css - 304 null text/css 0.9844ms
2025-08-04 14:33:25.958 +07:00 [INF] Request finished HTTP/2 GET https://localhost:44306/assets/css/style.css - 304 null text/css 0.876ms
2025-08-04 14:33:25.958 +07:00 [INF] The file /assets/plugins/fontawesome/css/fontawesome.min.css was not modified
2025-08-04 14:33:25.958 +07:00 [INF] Request finished HTTP/2 GET https://localhost:44306/assets/plugins/fontawesome/css/all.min.css - 304 null text/css 0.7433ms
2025-08-04 14:33:25.958 +07:00 [INF] Request finished HTTP/2 GET https://localhost:44306/assets/img/logo-white.png - 304 null image/png 0.7965ms
2025-08-04 14:33:25.958 +07:00 [INF] Request finished HTTP/2 GET https://localhost:44306/assets/plugins/fontawesome/css/fontawesome.min.css - 304 null text/css 1.01ms
2025-08-04 14:33:25.966 +07:00 [INF] Request starting HTTP/2 GET https://localhost:44306/Identity/lib/jquery-validation/dist/jquery.validate.js - null null
2025-08-04 14:33:25.966 +07:00 [INF] Request starting HTTP/2 GET https://localhost:44306/assets/img/icons/mail.svg - null null
2025-08-04 14:33:25.966 +07:00 [INF] Request starting HTTP/2 GET https://localhost:44306/assets/img/login.jpg - null null
2025-08-04 14:33:25.970 +07:00 [INF] Request starting HTTP/2 GET https://localhost:44306/Identity/lib/jquery-validation-unobtrusive/jquery.validate.unobtrusive.js - null null
2025-08-04 14:33:25.970 +07:00 [INF] Request starting HTTP/2 GET https://localhost:44306/assets/js/jquery-3.6.0.min.js - null null
2025-08-04 14:33:25.970 +07:00 [INF] Request starting HTTP/2 GET https://localhost:44306/assets/js/script.js - null null
2025-08-04 14:33:25.971 +07:00 [INF] Request starting HTTP/2 GET https://localhost:44306/_framework/aspnetcore-browser-refresh.js - null null
2025-08-04 14:33:25.970 +07:00 [INF] Request starting HTTP/2 GET https://localhost:44306/assets/js/bootstrap.bundle.min.js - null null
2025-08-04 14:33:25.971 +07:00 [INF] The file /assets/js/jquery-3.6.0.min.js was not modified
2025-08-04 14:33:25.971 +07:00 [INF] The file /assets/js/script.js was not modified
2025-08-04 14:33:25.971 +07:00 [INF] The file /assets/js/bootstrap.bundle.min.js was not modified
2025-08-04 14:33:25.971 +07:00 [INF] Request finished HTTP/2 GET https://localhost:44306/assets/js/script.js - 304 null text/javascript 0.4869ms
2025-08-04 14:33:25.971 +07:00 [INF] Request finished HTTP/2 GET https://localhost:44306/assets/js/bootstrap.bundle.min.js - 304 null text/javascript 0.587ms
2025-08-04 14:33:25.971 +07:00 [INF] Request starting HTTP/2 GET https://localhost:44306/_vs/browserLink - null null
2025-08-04 14:33:25.972 +07:00 [INF] Request starting HTTP/2 GET https://localhost:44306/assets/js/feather.min.js - null null
2025-08-04 14:33:25.972 +07:00 [INF] Request finished HTTP/2 GET https://localhost:44306/assets/js/jquery-3.6.0.min.js - 304 null text/javascript 2.1055ms
2025-08-04 14:33:25.973 +07:00 [INF] Request finished HTTP/2 GET https://localhost:44306/_framework/aspnetcore-browser-refresh.js - 200 16507 application/javascript; charset=utf-8 2.0303ms
2025-08-04 14:33:25.973 +07:00 [INF] The file /assets/js/feather.min.js was not modified
2025-08-04 14:33:25.974 +07:00 [INF] Request finished HTTP/2 GET https://localhost:44306/assets/js/feather.min.js - 304 null text/javascript 1.6812ms
2025-08-04 14:33:25.994 +07:00 [INF] Sending file. Request path: '/assets/img/icons/mail.svg'. Physical path: 'D:\งานOrange\โปรเจค จาก Git\Recruitment\CRM\Recruitment\wwwroot\assets\img\icons\mail.svg'
2025-08-04 14:33:25.994 +07:00 [INF] Sending file. Request path: '/assets/img/login.jpg'. Physical path: 'D:\งานOrange\โปรเจค จาก Git\Recruitment\CRM\Recruitment\wwwroot\assets\img\login.jpg'
2025-08-04 14:33:25.995 +07:00 [INF] Request finished HTTP/2 GET https://localhost:44306/_vs/browserLink - 200 null text/javascript; charset=UTF-8 23.4896ms
2025-08-04 14:33:25.997 +07:00 [INF] Request finished HTTP/2 GET https://localhost:44306/assets/img/icons/mail.svg - 200 500 image/svg+xml 30.3766ms
2025-08-04 14:33:25.997 +07:00 [INF] Request finished HTTP/2 GET https://localhost:44306/assets/img/login.jpg - 200 60805 image/jpeg 30.7544ms
2025-08-04 14:33:26.029 +07:00 [INF] Sending file. Request path: '/Identity/lib/jquery-validation-unobtrusive/jquery.validate.unobtrusive.js'. Physical path: 'C:\Users\Admin\.nuget\packages\microsoft.aspnetcore.identity.ui\8.0.12\staticwebassets\V5\lib\jquery-validation-unobtrusive\jquery.validate.unobtrusive.js'
2025-08-04 14:33:26.029 +07:00 [INF] Sending file. Request path: '/Identity/lib/jquery-validation/dist/jquery.validate.js'. Physical path: 'C:\Users\Admin\.nuget\packages\microsoft.aspnetcore.identity.ui\8.0.12\staticwebassets\V5\lib\jquery-validation\dist\jquery.validate.js'
2025-08-04 14:33:26.029 +07:00 [INF] Request finished HTTP/2 GET https://localhost:44306/Identity/lib/jquery-validation-unobtrusive/jquery.validate.unobtrusive.js - 200 19385 text/javascript 59.3686ms
2025-08-04 14:33:26.030 +07:00 [INF] Request finished HTTP/2 GET https://localhost:44306/Identity/lib/jquery-validation/dist/jquery.validate.js - 200 51171 text/javascript 63.2695ms
2025-08-04 14:33:26.095 +07:00 [INF] Request starting HTTP/2 GET https://localhost:44306/assets/plugins/fontawesome/webfonts/fa-solid-900.woff2 - null null
2025-08-04 14:33:26.095 +07:00 [INF] The file /assets/plugins/fontawesome/webfonts/fa-solid-900.woff2 was not modified
2025-08-04 14:33:26.095 +07:00 [INF] Request finished HTTP/2 GET https://localhost:44306/assets/plugins/fontawesome/webfonts/fa-solid-900.woff2 - 304 null font/woff2 0.5979ms
2025-08-04 14:33:26.140 +07:00 [INF] Request starting HTTP/2 GET https://localhost:44306/assets/img/favicon.png - null null
2025-08-04 14:33:26.141 +07:00 [INF] The file /assets/img/favicon.png was not modified
2025-08-04 14:33:26.141 +07:00 [INF] Request finished HTTP/2 GET https://localhost:44306/assets/img/favicon.png - 304 null image/png 0.5962ms
2025-08-04 14:33:39.079 +07:00 [INF] Request starting HTTP/2 POST https://localhost:44306/Identity/Account/Login?ReturnUrl=%2FBackend%2FIndex - multipart/form-data; boundary=----WebKitFormBoundaryGQiMQfvPfTuEujKB 540
2025-08-04 14:33:39.085 +07:00 [INF] Executing endpoint '/Account/Login'
2025-08-04 14:33:39.086 +07:00 [INF] Route matched with {page = "/Account/Login", area = "Identity"}. Executing page /Account/Login
2025-08-04 14:33:39.112 +07:00 [INF] Executing handler method Recruitment.Areas.Identity.Pages.Account.LoginModel.OnPostAsync - ModelState is "Valid"
2025-08-04 14:33:41.025 +07:00 [INF] Executed DbCommand (102ms) [Parameters=[@__normalizedUserName_0='?' (Size = 256)], CommandType='"Text"', CommandTimeout='30']
SELECT TOP(1) [a].[Id], [a].[AccessFailedCount], [a].[address], [a].[ConcurrencyStamp], [a].[createddate], [a].[deleteAt], [a].[DepartmentId], [a].[Email], [a].[EmailConfirmed], [a].[firstname], [a].[isactive], [a].[lastname], [a].[LockoutEnabled], [a].[LockoutEnd], [a].[NormalizedEmail], [a].[NormalizedUserName], [a].[PasswordHash], [a].[PhoneNumber], [a].[PhoneNumberConfirmed], [a].[Project], [a].[rawpassword], [a].[SecurityStamp], [a].[status_target], [a].[target_kpi], [a].[targetdate], [a].[todate], [a].[TwoFactorEnabled], [a].[updateddate], [a].[UserName]
FROM [AspNetUsers] AS [a]
WHERE [a].[NormalizedUserName] = @__normalizedUserName_0
2025-08-04 14:33:41.218 +07:00 [INF] Executed DbCommand (16ms) [Parameters=[@__user_Id_0='?' (Size = 450)], CommandType='"Text"', CommandTimeout='30']
SELECT [a].[Id], [a].[ClaimType], [a].[ClaimValue], [a].[UserId]
FROM [AspNetUserClaims] AS [a]
WHERE [a].[UserId] = @__user_Id_0
2025-08-04 14:33:41.246 +07:00 [INF] Executed DbCommand (7ms) [Parameters=[@__userId_0='?' (Size = 450)], CommandType='"Text"', CommandTimeout='30']
SELECT [a0].[Name]
FROM [AspNetUserRoles] AS [a]
INNER JOIN [AspNetRoles] AS [a0] ON [a].[RoleId] = [a0].[Id]
WHERE [a].[UserId] = @__userId_0
2025-08-04 14:33:41.260 +07:00 [INF] Executed DbCommand (7ms) [Parameters=[@__normalizedName_0='?' (Size = 256)], CommandType='"Text"', CommandTimeout='30']
SELECT TOP(1) [a].[Id], [a].[ConcurrencyStamp], [a].[CreatedDate], [a].[deleteAt], [a].[Name], [a].[NormalizedName], [a].[UpdatedDate]
FROM [AspNetRoles] AS [a]
WHERE [a].[NormalizedName] = @__normalizedName_0
2025-08-04 14:33:41.283 +07:00 [INF] Executed DbCommand (7ms) [Parameters=[@__role_Id_0='?' (Size = 450)], CommandType='"Text"', CommandTimeout='30']
SELECT [a].[ClaimType], [a].[ClaimValue]
FROM [AspNetRoleClaims] AS [a]
WHERE [a].[RoleId] = @__role_Id_0
2025-08-04 14:33:41.288 +07:00 [INF] AuthenticationScheme: Identity.Application signed in.
2025-08-04 14:33:41.299 +07:00 [INF] Executed DbCommand (8ms) [Parameters=[@__normalizedUserName_0='?' (Size = 256)], CommandType='"Text"', CommandTimeout='30']
SELECT TOP(1) [a].[Id], [a].[AccessFailedCount], [a].[address], [a].[ConcurrencyStamp], [a].[createddate], [a].[deleteAt], [a].[DepartmentId], [a].[Email], [a].[EmailConfirmed], [a].[firstname], [a].[isactive], [a].[lastname], [a].[LockoutEnabled], [a].[LockoutEnd], [a].[NormalizedEmail], [a].[NormalizedUserName], [a].[PasswordHash], [a].[PhoneNumber], [a].[PhoneNumberConfirmed], [a].[Project], [a].[rawpassword], [a].[SecurityStamp], [a].[status_target], [a].[target_kpi], [a].[targetdate], [a].[todate], [a].[TwoFactorEnabled], [a].[updateddate], [a].[UserName]
FROM [AspNetUsers] AS [a]
WHERE [a].[NormalizedUserName] = @__normalizedUserName_0
2025-08-04 14:33:41.306 +07:00 [INF] Executed DbCommand (6ms) [Parameters=[@__user_Id_0='?' (Size = 450)], CommandType='"Text"', CommandTimeout='30']
SELECT [a].[Id], [a].[ClaimType], [a].[ClaimValue], [a].[UserId]
FROM [AspNetUserClaims] AS [a]
WHERE [a].[UserId] = @__user_Id_0
2025-08-04 14:33:41.313 +07:00 [INF] Executed DbCommand (6ms) [Parameters=[@__user_Id_0='?' (Size = 450)], CommandType='"Text"', CommandTimeout='30']
SELECT [a].[Id], [a].[ClaimType], [a].[ClaimValue], [a].[UserId]
FROM [AspNetUserClaims] AS [a]
WHERE [a].[UserId] = @__user_Id_0
2025-08-04 14:33:41.333 +07:00 [INF] Executed DbCommand (10ms) [Parameters=[@__8__locals1_user_Id_0='?' (Size = 450), @__claim_Value_1='?' (Size = 4000), @__claim_Type_2='?' (Size = 4000)], CommandType='"Text"', CommandTimeout='30']
SELECT [a].[Id], [a].[ClaimType], [a].[ClaimValue], [a].[UserId]
FROM [AspNetUserClaims] AS [a]
WHERE [a].[UserId] = @__8__locals1_user_Id_0 AND [a].[ClaimValue] = @__claim_Value_1 AND [a].[ClaimType] = @__claim_Type_2
2025-08-04 14:33:41.347 +07:00 [INF] Executed DbCommand (6ms) [Parameters=[@__normalizedUserName_0='?' (Size = 256)], CommandType='"Text"', CommandTimeout='30']
SELECT TOP(1) [a].[Id], [a].[AccessFailedCount], [a].[address], [a].[ConcurrencyStamp], [a].[createddate], [a].[deleteAt], [a].[DepartmentId], [a].[Email], [a].[EmailConfirmed], [a].[firstname], [a].[isactive], [a].[lastname], [a].[LockoutEnabled], [a].[LockoutEnd], [a].[NormalizedEmail], [a].[NormalizedUserName], [a].[PasswordHash], [a].[PhoneNumber], [a].[PhoneNumberConfirmed], [a].[Project], [a].[rawpassword], [a].[SecurityStamp], [a].[status_target], [a].[target_kpi], [a].[targetdate], [a].[todate], [a].[TwoFactorEnabled], [a].[updateddate], [a].[UserName]
FROM [AspNetUsers] AS [a]
WHERE [a].[NormalizedUserName] = @__normalizedUserName_0
2025-08-04 14:33:41.470 +07:00 [INF] Executed DbCommand (15ms) [Parameters=[@p0='?' (DbType = Int32), @p29='?' (Size = 450), @p1='?' (DbType = Int32), @p2='?' (Size = 255), @p3='?' (Size = 4000), @p30='?' (Size = 4000), @p4='?' (Scale = 7) (DbType = DateTimeOffset), @p5='?' (DbType = Int32), @p6='?' (DbType = Int32), @p7='?' (Size = 256), @p8='?' (DbType = Boolean), @p9='?' (Size = 255), @p10='?' (DbType = Int32), @p11='?' (Size = 255), @p12='?' (DbType = Boolean), @p13='?' (DbType = DateTimeOffset), @p14='?' (Size = 256), @p15='?' (Size = 256), @p16='?' (Size = 4000), @p17='?' (Size = 4000), @p18='?' (DbType = Boolean), @p19='?' (DbType = Int32), @p20='?' (Size = 255), @p21='?' (Size = 4000), @p22='?' (DbType = Int32), @p23='?' (DbType = Int32), @p24='?' (DbType = DateTime2), @p25='?' (DbType = DateTime2), @p26='?' (DbType = Boolean), @p27='?' (Scale = 7) (DbType = DateTimeOffset), @p28='?' (Size = 256)], CommandType='"Text"', CommandTimeout='30']
SET NOCOUNT ON;
DELETE FROM [AspNetUserClaims]
OUTPUT 1
WHERE [Id] = @p0;
UPDATE [AspNetUsers] SET [AccessFailedCount] = @p1, [address] = @p2, [ConcurrencyStamp] = @p3, [createddate] = @p4, [deleteAt] = @p5, [DepartmentId] = @p6, [Email] = @p7, [EmailConfirmed] = @p8, [firstname] = @p9, [isactive] = @p10, [lastname] = @p11, [LockoutEnabled] = @p12, [LockoutEnd] = @p13, [NormalizedEmail] = @p14, [NormalizedUserName] = @p15, [PasswordHash] = @p16, [PhoneNumber] = @p17, [PhoneNumberConfirmed] = @p18, [Project] = @p19, [rawpassword] = @p20, [SecurityStamp] = @p21, [status_target] = @p22, [target_kpi] = @p23, [targetdate] = @p24, [todate] = @p25, [TwoFactorEnabled] = @p26, [updateddate] = @p27, [UserName] = @p28
OUTPUT 1
WHERE [Id] = @p29 AND [ConcurrencyStamp] = @p30;
2025-08-04 14:33:41.514 +07:00 [INF] Executed DbCommand (7ms) [Parameters=[@__normalizedUserName_0='?' (Size = 256)], CommandType='"Text"', CommandTimeout='30']
SELECT TOP(1) [a].[Id], [a].[AccessFailedCount], [a].[address], [a].[ConcurrencyStamp], [a].[createddate], [a].[deleteAt], [a].[DepartmentId], [a].[Email], [a].[EmailConfirmed], [a].[firstname], [a].[isactive], [a].[lastname], [a].[LockoutEnabled], [a].[LockoutEnd], [a].[NormalizedEmail], [a].[NormalizedUserName], [a].[PasswordHash], [a].[PhoneNumber], [a].[PhoneNumberConfirmed], [a].[Project], [a].[rawpassword], [a].[SecurityStamp], [a].[status_target], [a].[target_kpi], [a].[targetdate], [a].[todate], [a].[TwoFactorEnabled], [a].[updateddate], [a].[UserName]
FROM [AspNetUsers] AS [a]
WHERE [a].[NormalizedUserName] = @__normalizedUserName_0
2025-08-04 14:33:41.538 +07:00 [INF] Executed DbCommand (13ms) [Parameters=[@p0='?' (Size = 4000), @p1='?' (Size = 4000), @p2='?' (Size = 450), @p31='?' (Size = 450), @p3='?' (DbType = Int32), @p4='?' (Size = 255), @p5='?' (Size = 4000), @p32='?' (Size = 4000), @p6='?' (Scale = 7) (DbType = DateTimeOffset), @p7='?' (DbType = Int32), @p8='?' (DbType = Int32), @p9='?' (Size = 256), @p10='?' (DbType = Boolean), @p11='?' (Size = 255), @p12='?' (DbType = Int32), @p13='?' (Size = 255), @p14='?' (DbType = Boolean), @p15='?' (DbType = DateTimeOffset), @p16='?' (Size = 256), @p17='?' (Size = 256), @p18='?' (Size = 4000), @p19='?' (Size = 4000), @p20='?' (DbType = Boolean), @p21='?' (DbType = Int32), @p22='?' (Size = 255), @p23='?' (Size = 4000), @p24='?' (DbType = Int32), @p25='?' (DbType = Int32), @p26='?' (DbType = DateTime2), @p27='?' (DbType = DateTime2), @p28='?' (DbType = Boolean), @p29='?' (Scale = 7) (DbType = DateTimeOffset), @p30='?' (Size = 256)], CommandType='"Text"', CommandTimeout='30']
SET NOCOUNT ON;
INSERT INTO [AspNetUserClaims] ([ClaimType], [ClaimValue], [UserId])
OUTPUT INSERTED.[Id]
VALUES (@p0, @p1, @p2);
UPDATE [AspNetUsers] SET [AccessFailedCount] = @p3, [address] = @p4, [ConcurrencyStamp] = @p5, [createddate] = @p6, [deleteAt] = @p7, [DepartmentId] = @p8, [Email] = @p9, [EmailConfirmed] = @p10, [firstname] = @p11, [isactive] = @p12, [lastname] = @p13, [LockoutEnabled] = @p14, [LockoutEnd] = @p15, [NormalizedEmail] = @p16, [NormalizedUserName] = @p17, [PasswordHash] = @p18, [PhoneNumber] = @p19, [PhoneNumberConfirmed] = @p20, [Project] = @p21, [rawpassword] = @p22, [SecurityStamp] = @p23, [status_target] = @p24, [target_kpi] = @p25, [targetdate] = @p26, [todate] = @p27, [TwoFactorEnabled] = @p28, [updateddate] = @p29, [UserName] = @p30
OUTPUT 1
WHERE [Id] = @p31 AND [ConcurrencyStamp] = @p32;
2025-08-04 14:33:41.567 +07:00 [INF] Executed DbCommand (6ms) [Parameters=[@__user_Id_0='?' (Size = 450)], CommandType='"Text"', CommandTimeout='30']
SELECT [a].[Id], [a].[ClaimType], [a].[ClaimValue], [a].[UserId]
FROM [AspNetUserClaims] AS [a]
WHERE [a].[UserId] = @__user_Id_0
2025-08-04 14:33:41.576 +07:00 [INF] Executed DbCommand (8ms) [Parameters=[@__userId_0='?' (Size = 450)], CommandType='"Text"', CommandTimeout='30']
SELECT [a0].[Name]
FROM [AspNetUserRoles] AS [a]
INNER JOIN [AspNetRoles] AS [a0] ON [a].[RoleId] = [a0].[Id]
WHERE [a].[UserId] = @__userId_0
2025-08-04 14:33:41.583 +07:00 [INF] Executed DbCommand (6ms) [Parameters=[@__normalizedName_0='?' (Size = 256)], CommandType='"Text"', CommandTimeout='30']
SELECT TOP(1) [a].[Id], [a].[ConcurrencyStamp], [a].[CreatedDate], [a].[deleteAt], [a].[Name], [a].[NormalizedName], [a].[UpdatedDate]
FROM [AspNetRoles] AS [a]
WHERE [a].[NormalizedName] = @__normalizedName_0
2025-08-04 14:33:41.590 +07:00 [INF] Executed DbCommand (7ms) [Parameters=[@__role_Id_0='?' (Size = 450)], CommandType='"Text"', CommandTimeout='30']
SELECT [a].[ClaimType], [a].[ClaimValue]
FROM [AspNetRoleClaims] AS [a]
WHERE [a].[RoleId] = @__role_Id_0
2025-08-04 14:33:41.591 +07:00 [INF] AuthenticationScheme: Identity.Application signed in.
2025-08-04 14:33:41.591 +07:00 [INF] User logged in.
2025-08-04 14:33:41.593 +07:00 [INF] Executed handler method OnPostAsync, returned result Microsoft.AspNetCore.Mvc.LocalRedirectResult.
2025-08-04 14:33:41.595 +07:00 [INF] Executing LocalRedirectResult, redirecting to /Backend/Summary.
2025-08-04 14:33:41.596 +07:00 [INF] Executed page /Account/Login in 2510.7873ms
2025-08-04 14:33:41.597 +07:00 [INF] Executed endpoint '/Account/Login'
2025-08-04 14:33:41.602 +07:00 [INF] Request starting HTTP/2 GET https://localhost:44306/Backend/Summary - null null
2025-08-04 14:33:41.605 +07:00 [INF] Request finished HTTP/2 POST https://localhost:44306/Identity/Account/Login?ReturnUrl=%2FBackend%2FIndex - 302 null null 2526.3102ms
2025-08-04 14:33:41.616 +07:00 [INF] Executing endpoint '/Backend/Summary'
2025-08-04 14:33:41.627 +07:00 [INF] Route matched with {page = "/Backend/Summary", area = ""}. Executing page /Backend/Summary
2025-08-04 14:33:41.628 +07:00 [INF] Executing handler method Recruitment.Pages.Backend.SummaryModel.OnGet - ModelState is "Valid"
2025-08-04 14:33:41.628 +07:00 [INF] Executed handler method OnGet, returned result .
2025-08-04 14:33:41.628 +07:00 [INF] Executing an implicit handler method - ModelState is "Valid"
2025-08-04 14:33:41.628 +07:00 [INF] Executed an implicit handler method, returned result Microsoft.AspNetCore.Mvc.RazorPages.PageResult.
2025-08-04 14:33:41.715 +07:00 [INF] Executed DbCommand (16ms) [Parameters=[@__userid_0='?' (Size = 450)], CommandType='"Text"', CommandTimeout='30']
SELECT [a].[UserId], [a].[RoleId], [a0].[Id], [a0].[ConcurrencyStamp], [a0].[CreatedDate], [a0].[deleteAt], [a0].[Name], [a0].[NormalizedName], [a0].[UpdatedDate]
FROM [AspNetUserRoles] AS [a]
INNER JOIN [AspNetRoles] AS [a0] ON [a].[RoleId] = [a0].[Id]
WHERE [a].[UserId] = @__userid_0
2025-08-04 14:33:41.741 +07:00 [INF] Executed DbCommand (11ms) [Parameters=[@__FirstOrDefault_r_Name_0='?' (Size = 255)], CommandType='"Text"', CommandTimeout='30']
SELECT [p].[id], [p].[createddate], [p].[permission], [p].[updateddate], [p].[userid], [p].[create], [p].[createcalendar], [p].[delete], [p].[edit], [p].[editinfo], [p].[editteam], [p].[onlyinfo], [p].[reportinfo], [p].[reportproject], [p].[reporttargetvsachieved], [p].[reportteam], [p].[setting], [p].[viewcalendar], [p].[viewproject], [p].[viewprojectmanage], [p].[viewteam]
FROM [PermissionSetting] AS [p]
WHERE [p].[permission] = @__FirstOrDefault_r_Name_0
2025-08-04 14:33:41.793 +07:00 [INF] Executed DbCommand (16ms) [Parameters=[@__userid_0_contains='?' (Size = 450)], CommandType='"Text"', CommandTimeout='30']
SELECT TOP(1) [a].[Id], [a].[AccessFailedCount], [a].[address], [a].[ConcurrencyStamp], [a].[createddate], [a].[deleteAt], [a].[DepartmentId], [a].[Email], [a].[EmailConfirmed], [a].[firstname], [a].[isactive], [a].[lastname], [a].[LockoutEnabled], [a].[LockoutEnd], [a].[NormalizedEmail], [a].[NormalizedUserName], [a].[PasswordHash], [a].[PhoneNumber], [a].[PhoneNumberConfirmed], [a].[Project], [a].[rawpassword], [a].[SecurityStamp], [a].[status_target], [a].[target_kpi], [a].[targetdate], [a].[todate], [a].[TwoFactorEnabled], [a].[updateddate], [a].[UserName]
FROM [AspNetUsers] AS [a]
WHERE [a].[Id] LIKE @__userid_0_contains ESCAPE N'\'
2025-08-04 14:33:41.813 +07:00 [INF] Executed page /Backend/Summary in 186.3745ms
2025-08-04 14:33:41.813 +07:00 [INF] Executed endpoint '/Backend/Summary'
2025-08-04 14:33:41.816 +07:00 [INF] Request finished HTTP/2 GET https://localhost:44306/Backend/Summary - 200 null text/html; charset=utf-8 213.9657ms
2025-08-04 14:33:41.822 +07:00 [INF] Request starting HTTP/2 GET https://localhost:44306/assets/css/bootstrap-datetimepicker.min.css - null null
2025-08-04 14:33:41.822 +07:00 [INF] Request starting HTTP/2 GET https://localhost:44306/assets/css/animate.css - null null
2025-08-04 14:33:41.822 +07:00 [INF] Request starting HTTP/2 GET https://localhost:44306/assets/css/dataTables.bootstrap4.min.css - null null
2025-08-04 14:33:41.822 +07:00 [INF] The file /assets/css/animate.css was not modified
2025-08-04 14:33:41.822 +07:00 [INF] The file /assets/css/dataTables.bootstrap4.min.css was not modified
2025-08-04 14:33:41.822 +07:00 [INF] The file /assets/css/bootstrap-datetimepicker.min.css was not modified
2025-08-04 14:33:41.822 +07:00 [INF] Request starting HTTP/2 GET https://localhost:44306/frontend/css/fullcalendar.css - null null
2025-08-04 14:33:41.822 +07:00 [INF] Request starting HTTP/2 GET https://localhost:44306/assets/img/logo-small.png - null null
2025-08-04 14:33:41.822 +07:00 [INF] Request starting HTTP/2 GET https://localhost:44306/assets/img/profiles/avator1.jpg - null null
2025-08-04 14:33:41.822 +07:00 [INF] Request finished HTTP/2 GET https://localhost:44306/assets/css/animate.css - 304 null text/css 0.4662ms
2025-08-04 14:33:41.822 +07:00 [INF] The file /frontend/css/fullcalendar.css was not modified
2025-08-04 14:33:41.822 +07:00 [INF] The file /assets/img/logo-small.png was not modified
2025-08-04 14:33:41.822 +07:00 [INF] Request finished HTTP/2 GET https://localhost:44306/assets/css/dataTables.bootstrap4.min.css - 304 null text/css 0.3998ms
2025-08-04 14:33:41.822 +07:00 [INF] Request finished HTTP/2 GET https://localhost:44306/assets/css/bootstrap-datetimepicker.min.css - 304 null text/css 0.4615ms
2025-08-04 14:33:41.822 +07:00 [INF] Request finished HTTP/2 GET https://localhost:44306/frontend/css/fullcalendar.css - 304 null text/css 0.2348ms
2025-08-04 14:33:41.822 +07:00 [INF] Request finished HTTP/2 GET https://localhost:44306/assets/img/logo-small.png - 304 null image/png 0.2261ms
2025-08-04 14:33:41.822 +07:00 [INF] The file /assets/img/profiles/avator1.jpg was not modified
2025-08-04 14:33:41.822 +07:00 [INF] Request finished HTTP/2 GET https://localhost:44306/assets/img/profiles/avator1.jpg - 304 null image/jpeg 0.3686ms
2025-08-04 14:33:41.829 +07:00 [INF] Request starting HTTP/2 GET https://localhost:44306/_framework/aspnetcore-browser-refresh.js - null null
2025-08-04 14:33:41.829 +07:00 [INF] Request starting HTTP/2 GET https://localhost:44306/_vs/browserLink - null null
2025-08-04 14:33:41.830 +07:00 [INF] Request starting HTTP/2 GET https://localhost:44306/assets/js/jquery.dataTables.min.js - null null
2025-08-04 14:33:41.830 +07:00 [INF] Request starting HTTP/2 GET https://localhost:44306/assets/js/jquery.slimscroll.min.js - null null
2025-08-04 14:33:41.830 +07:00 [INF] Request starting HTTP/2 GET https://localhost:44306/assets/img/icons/log-out.svg - null null
2025-08-04 14:33:41.830 +07:00 [INF] Request starting HTTP/2 GET https://localhost:44306/assets/js/dataTables.bootstrap4.min.js - null null
2025-08-04 14:33:41.830 +07:00 [INF] The file /assets/js/dataTables.bootstrap4.min.js was not modified
2025-08-04 14:33:41.830 +07:00 [INF] The file /assets/img/icons/log-out.svg was not modified
2025-08-04 14:33:41.830 +07:00 [INF] Request starting HTTP/2 GET https://localhost:44306/assets/plugins/apexchart/chart-data.js - null null
2025-08-04 14:33:41.830 +07:00 [INF] The file /assets/js/jquery.dataTables.min.js was not modified
2025-08-04 14:33:41.830 +07:00 [INF] Request starting HTTP/2 GET https://localhost:44306/assets/plugins/apexchart/apexcharts.min.js - null null
2025-08-04 14:33:41.830 +07:00 [INF] The file /assets/js/jquery.slimscroll.min.js was not modified
2025-08-04 14:33:41.830 +07:00 [INF] Request finished HTTP/2 GET https://localhost:44306/assets/js/jquery.dataTables.min.js - 304 null text/javascript 0.4659ms
2025-08-04 14:33:41.830 +07:00 [INF] The file /assets/plugins/apexchart/apexcharts.min.js was not modified
2025-08-04 14:33:41.830 +07:00 [INF] Request finished HTTP/2 GET https://localhost:44306/assets/js/dataTables.bootstrap4.min.js - 304 null text/javascript 0.2967ms
2025-08-04 14:33:41.830 +07:00 [INF] The file /assets/plugins/apexchart/chart-data.js was not modified
2025-08-04 14:33:41.830 +07:00 [INF] Request finished HTTP/2 GET https://localhost:44306/assets/plugins/apexchart/apexcharts.min.js - 304 null text/javascript 0.3544ms
2025-08-04 14:33:41.830 +07:00 [INF] Request finished HTTP/2 GET https://localhost:44306/assets/img/icons/log-out.svg - 304 null image/svg+xml 0.3776ms
2025-08-04 14:33:41.830 +07:00 [INF] Request finished HTTP/2 GET https://localhost:44306/assets/js/jquery.slimscroll.min.js - 304 null text/javascript 0.5374ms
2025-08-04 14:33:41.830 +07:00 [INF] Request finished HTTP/2 GET https://localhost:44306/assets/plugins/apexchart/chart-data.js - 304 null text/javascript 0.4155ms
2025-08-04 14:33:41.830 +07:00 [INF] Request finished HTTP/2 GET https://localhost:44306/_framework/aspnetcore-browser-refresh.js - 200 16507 application/javascript; charset=utf-8 1.0232ms
2025-08-04 14:33:41.842 +07:00 [INF] Request finished HTTP/2 GET https://localhost:44306/_vs/browserLink - 200 null text/javascript; charset=UTF-8 12.7516ms
2025-08-04 14:33:41.950 +07:00 [INF] Request starting HTTP/2 GET https://localhost:44306/assets/img/icons/dropdown.svg - null null
2025-08-04 14:33:41.950 +07:00 [INF] The file /assets/img/icons/dropdown.svg was not modified
2025-08-04 14:33:41.950 +07:00 [INF] Request finished HTTP/2 GET https://localhost:44306/assets/img/icons/dropdown.svg - 304 null image/svg+xml 0.4633ms
2025-08-04 14:33:41.954 +07:00 [INF] Request starting HTTP/2 POST https://localhost:44306/Backend/Summary?handler=Table - application/x-www-form-urlencoded; charset=UTF-8 2056
2025-08-04 14:33:41.955 +07:00 [INF] Request starting HTTP/2 POST https://localhost:44306/Backend/Summary?handler=Table - application/x-www-form-urlencoded; charset=UTF-8 2056
2025-08-04 14:33:41.958 +07:00 [INF] Request starting HTTP/2 GET https://localhost:44306/Backend/Summary?handler=Position - null null
2025-08-04 14:33:41.958 +07:00 [INF] Request starting HTTP/2 GET https://localhost:44306/Backend/Summary?handler=User&userId=b8964f16-7c2e-4714-978d-3de5534a6e8b - null null
2025-08-04 14:33:41.958 +07:00 [INF] Request starting HTTP/2 GET https://localhost:44306/Backend/Summary?handler=Company - null null
2025-08-04 14:33:41.958 +07:00 [INF] Request starting HTTP/2 GET https://localhost:44306/Backend/Report?handler=Project - null null
2025-08-04 14:33:41.958 +07:00 [INF] Executing endpoint '/Backend/Summary'
2025-08-04 14:33:41.958 +07:00 [INF] Request starting HTTP/2 GET https://localhost:44306/Backend/Summary?handler=Status - null null
2025-08-04 14:33:41.958 +07:00 [INF] Executing endpoint '/Backend/Summary'
2025-08-04 14:33:41.959 +07:00 [INF] Route matched with {page = "/Backend/Summary", area = ""}. Executing page /Backend/Summary
2025-08-04 14:33:41.959 +07:00 [INF] Route matched with {page = "/Backend/Summary", area = ""}. Executing page /Backend/Summary
2025-08-04 14:33:41.962 +07:00 [INF] Request starting HTTP/2 GET https://localhost:44306/Backend/Notify?handler=Notify - null null
2025-08-04 14:33:41.975 +07:00 [INF] Executing endpoint '/Backend/Summary'
2025-08-04 14:33:41.975 +07:00 [INF] Executing endpoint '/Backend/Summary'
2025-08-04 14:33:41.975 +07:00 [INF] Executing endpoint '/Backend/Summary'
2025-08-04 14:33:41.975 +07:00 [INF] Executing endpoint '/Backend/Summary'
2025-08-04 14:33:41.975 +07:00 [INF] Executing endpoint '/Backend/Notify'
2025-08-04 14:33:41.975 +07:00 [INF] Route matched with {page = "/Backend/Summary", area = ""}. Executing page /Backend/Summary
2025-08-04 14:33:41.975 +07:00 [INF] Executing endpoint '/Backend/Report'
2025-08-04 14:33:41.975 +07:00 [INF] Route matched with {page = "/Backend/Summary", area = ""}. Executing page /Backend/Summary
2025-08-04 14:33:41.975 +07:00 [INF] Route matched with {page = "/Backend/Summary", area = ""}. Executing page /Backend/Summary
2025-08-04 14:33:41.975 +07:00 [INF] Route matched with {page = "/Backend/Summary", area = ""}. Executing page /Backend/Summary
2025-08-04 14:33:41.976 +07:00 [INF] Executing handler method Recruitment.Pages.Backend.SummaryModel.OnGetPosition - ModelState is "Valid"
2025-08-04 14:33:41.976 +07:00 [INF] Executing handler method Recruitment.Pages.Backend.SummaryModel.OnGetCompany - ModelState is "Valid"
2025-08-04 14:33:41.976 +07:00 [INF] Executing handler method Recruitment.Pages.Backend.SummaryModel.OnGetStatus - ModelState is "Valid"
2025-08-04 14:33:41.976 +07:00 [INF] Executing handler method Recruitment.Pages.Backend.SummaryModel.OnGetUser - ModelState is "Valid"
2025-08-04 14:33:41.980 +07:00 [INF] Route matched with {page = "/Backend/Notify", area = ""}. Executing page /Backend/Notify
2025-08-04 14:33:41.981 +07:00 [INF] Executing handler method Recruitment.Pages.Backend.NotifyModel.OnGetNotify - ModelState is "Valid"
2025-08-04 14:33:41.981 +07:00 [INF] Executing handler method Recruitment.Pages.Backend.SummaryModel.OnPostTable - ModelState is "Valid"
2025-08-04 14:33:41.981 +07:00 [INF] Executing handler method Recruitment.Pages.Backend.SummaryModel.OnPostTable - ModelState is "Valid"
2025-08-04 14:33:41.983 +07:00 [INF] Route matched with {page = "/Backend/Report", area = ""}. Executing page /Backend/Report
2025-08-04 14:33:41.983 +07:00 [INF] Executing handler method Recruitment.Pages.Backend.ReportModel.OnGetProject - ModelState is "Valid"
2025-08-04 14:33:42.043 +07:00 [INF] Executed DbCommand (37ms) [Parameters=[], CommandType='"Text"', CommandTimeout='30']
SELECT [r].[id], [r].[createddate], [r].[deleteAt], [r].[name], [r].[status], [r].[updateddate], [r0].[id], [r0].[createddate], [r0].[updateddate], [r0].[recruitStatusId], [r0].[typeform]
FROM [RecruitStatus] AS [r]
INNER JOIN [RecruitStatusFrom] AS [r0] ON [r].[id] = [r0].[recruitStatusId]
2025-08-04 14:33:42.094 +07:00 [INF] Executed DbCommand (11ms) [Parameters=[], CommandType='"Text"', CommandTimeout='30']
SELECT [p].[id], [p].[createddate], [p].[deleteAt], [p].[name], [p].[status], [p].[updateddate]
FROM [Project] AS [p]
2025-08-04 14:33:42.096 +07:00 [INF] Executed handler method OnGetProject, returned result Microsoft.AspNetCore.Mvc.JsonResult.
2025-08-04 14:33:42.101 +07:00 [INF] Executing JsonResult, writing value of type 'System.Collections.Generic.List`1[[Recruitment.Areas.Identity.Data.Project, Recruitment, Version=1.0.0.0, Culture=neutral, PublicKeyToken=null]]'.
2025-08-04 14:33:42.137 +07:00 [INF] Executed DbCommand (7ms) [Parameters=[], CommandType='"Text"', CommandTimeout='30']
SELECT [c].[id], [c].[createddate], [c].[deleteAt], [c].[name], [c].[status], [c].[updateddate]
FROM [Company] AS [c]
2025-08-04 14:33:42.138 +07:00 [INF] Executed handler method OnGetCompany, returned result Microsoft.AspNetCore.Mvc.JsonResult.
2025-08-04 14:33:42.139 +07:00 [INF] Executing JsonResult, writing value of type 'System.Collections.Generic.List`1[[Recruitment.Areas.Identity.Data.Company, Recruitment, Version=1.0.0.0, Culture=neutral, PublicKeyToken=null]]'.
2025-08-04 14:33:42.139 +07:00 [INF] Executed DbCommand (9ms) [Parameters=[], CommandType='"Text"', CommandTimeout='30']
SELECT [a].[Id], [a].[AccessFailedCount], [a].[address], [a].[ConcurrencyStamp], [a].[createddate], [a].[deleteAt], [a].[DepartmentId], [a].[Email], [a].[EmailConfirmed], [a].[firstname], [a].[isactive], [a].[lastname], [a].[LockoutEnabled], [a].[LockoutEnd], [a].[NormalizedEmail], [a].[NormalizedUserName], [a].[PasswordHash], [a].[PhoneNumber], [a].[PhoneNumberConfirmed], [a].[Project], [a].[rawpassword], [a].[SecurityStamp], [a].[status_target], [a].[target_kpi], [a].[targetdate], [a].[todate], [a].[TwoFactorEnabled], [a].[updateddate], [a].[UserName]
FROM [AspNetUsers] AS [a]
2025-08-04 14:33:42.161 +07:00 [INF] Executed handler method OnGetUser, returned result Microsoft.AspNetCore.Mvc.JsonResult.
2025-08-04 14:33:42.162 +07:00 [INF] Executing JsonResult, writing value of type '<>f__AnonymousType49`1[[Recruitment.Areas.Identity.Data.RecruitmentUser, Recruitment, Version=1.0.0.0, Culture=neutral, PublicKeyToken=null]]'.
2025-08-04 14:33:42.167 +07:00 [INF] Executed DbCommand (8ms) [Parameters=[], CommandType='"Text"', CommandTimeout='30']
SELECT [p].[id], [p].[createddate], [p].[deleteAt], [p].[name], [p].[status], [p].[typeform], [p].[updateddate]
FROM [Position] AS [p]
WHERE [p].[deleteAt] <> 1 OR [p].[deleteAt] IS NULL
2025-08-04 14:33:42.167 +07:00 [INF] Executed DbCommand (9ms) [Parameters=[], CommandType='"Text"', CommandTimeout='30']
SELECT [n].[id], [n].[cdd_id], [n].[createddate], [n].[message], [n].[type], [n].[updateddate], [n].[view], [n].[userid]
FROM [Notification] AS [n]
ORDER BY [n].[createddate] DESC
2025-08-04 14:33:42.185 +07:00 [INF] Executed handler method OnGetPosition, returned result Microsoft.AspNetCore.Mvc.JsonResult.
2025-08-04 14:33:42.185 +07:00 [INF] Executing JsonResult, writing value of type 'System.Collections.Generic.List`1[[Recruitment.Models.ResponseDTO+PositionResponse, Recruitment, Version=1.0.0.0, Culture=neutral, PublicKeyToken=null]]'.
2025-08-04 14:33:42.185 +07:00 [INF] Executed page /Backend/Report in 202.3741ms
2025-08-04 14:33:42.185 +07:00 [INF] Executed page /Backend/Summary in 209.6998ms
2025-08-04 14:33:42.186 +07:00 [INF] Executed endpoint '/Backend/Report'
2025-08-04 14:33:42.186 +07:00 [INF] Executed endpoint '/Backend/Summary'
2025-08-04 14:33:42.186 +07:00 [INF] Executed page /Backend/Summary in 210.1368ms
2025-08-04 14:33:42.186 +07:00 [INF] Executed endpoint '/Backend/Summary'
2025-08-04 14:33:42.186 +07:00 [INF] Request finished HTTP/2 GET https://localhost:44306/Backend/Summary?handler=Company - 200 null application/json; charset=utf-8 227.6818ms
2025-08-04 14:33:42.186 +07:00 [INF] Request finished HTTP/2 GET https://localhost:44306/Backend/Summary?handler=User&userId=b8964f16-7c2e-4714-978d-3de5534a6e8b - 200 null application/json; charset=utf-8 227.721ms
2025-08-04 14:33:42.186 +07:00 [INF] Request finished HTTP/2 GET https://localhost:44306/Backend/Report?handler=Project - 200 null application/json; charset=utf-8 227.6897ms
2025-08-04 14:33:42.189 +07:00 [INF] Executed page /Backend/Summary in 213.4895ms
2025-08-04 14:33:42.189 +07:00 [INF] Executed endpoint '/Backend/Summary'
2025-08-04 14:33:42.190 +07:00 [INF] Request finished HTTP/2 GET https://localhost:44306/Backend/Summary?handler=Position - 200 null application/json; charset=utf-8 231.4825ms
2025-08-04 14:33:42.192 +07:00 [INF] Executed handler method OnGetNotify, returned result Microsoft.AspNetCore.Mvc.JsonResult.
2025-08-04 14:33:42.192 +07:00 [INF] Executing JsonResult, writing value of type 'System.Collections.Generic.List`1[[Recruitment.Areas.Identity.Data.Notification, Recruitment, Version=1.0.0.0, Culture=neutral, PublicKeyToken=null]]'.
2025-08-04 14:33:42.204 +07:00 [INF] Executed DbCommand (8ms) [Parameters=[], CommandType='"Text"', CommandTimeout='30']
SELECT [a].[Id], [a].[AccessFailedCount], [a].[address], [a].[ConcurrencyStamp], [a].[createddate], [a].[deleteAt], [a].[DepartmentId], [a].[Email], [a].[EmailConfirmed], [a].[firstname], [a].[isactive], [a].[lastname], [a].[LockoutEnabled], [a].[LockoutEnd], [a].[NormalizedEmail], [a].[NormalizedUserName], [a].[PasswordHash], [a].[PhoneNumber], [a].[PhoneNumberConfirmed], [a].[Project], [a].[rawpassword], [a].[SecurityStamp], [a].[status_target], [a].[target_kpi], [a].[targetdate], [a].[todate], [a].[TwoFactorEnabled], [a].[updateddate], [a].[UserName]
FROM [AspNetUsers] AS [a]
2025-08-04 14:33:42.208 +07:00 [INF] Executed handler method OnGetStatus, returned result Microsoft.AspNetCore.Mvc.JsonResult.
2025-08-04 14:33:42.209 +07:00 [INF] Executing JsonResult, writing value of type 'System.Collections.Generic.List`1[[Recruitment.Models.ResponseDTO+RecruitStatusResponse, Recruitment, Version=1.0.0.0, Culture=neutral, PublicKeyToken=null]]'.
2025-08-04 14:33:42.212 +07:00 [INF] Executed page /Backend/Summary in 236.738ms
2025-08-04 14:33:42.212 +07:00 [INF] Executed endpoint '/Backend/Summary'
2025-08-04 14:33:42.213 +07:00 [INF] Request finished HTTP/2 GET https://localhost:44306/Backend/Summary?handler=Status - 200 null application/json; charset=utf-8 254.5994ms
2025-08-04 14:33:42.216 +07:00 [INF] Executed DbCommand (21ms) [Parameters=[], CommandType='"Text"', CommandTimeout='30']
SELECT [c].[id], [c].[announcement], [c].[billingcycle], [c].[birthday], [c].[branch], [c].[cause], [c].[companyname], [c].[company], [c].[createddate], [c].[currentaddress], [c].[datestatus], [c].[deleteAt], [c].[documentBank], [c].[documentCDD], [c].[documentHistory], [c].[documentJng], [c].[documentWorkCertification], [c].[email], [c].[emergency_address], [c].[emergency_name], [c].[emergency_related], [c].[emergency_tel], [c].[enddateidcard], [c].[hr_contact], [c].[historyCovidVaccine], [c].[idcard], [c].[idcardaddress], [c].[kpi], [c].[languageability], [c].[languageAbilityOther], [c].[lineid], [c].[marriedstatus], [c].[militarstatus], [c].[nameeng], [c].[nameth], [c].[nationality], [c].[nikname], [c].[notestatus], [c].[notework], [c].[otherspecialability], [c].[position], [c].[prefix], [c].[project], [c].[qualification], [c].[religion], [c].[salary], [c].[start_end_work], [c].[status], [c].[status_end], [c].[status_start], [c].[studylocation], [c].[tel], [c].[type_cdd], [c].[updateddate], [c].[userid], [c].[whocancheck_address], [c].[whocancheck_name], [c].[whocancheck_related], [c].[whocancheck_tel], [c].[workarea], [c].[workOtheprovinces], [c].[workposition], [c].[worksalary]
FROM [CDD] AS [c]
2025-08-04 14:33:42.217 +07:00 [INF] Executed DbCommand (21ms) [Parameters=[], CommandType='"Text"', CommandTimeout='30']
SELECT [c].[id], [c].[announcement], [c].[billingcycle], [c].[birthday], [c].[branch], [c].[cause], [c].[companyname], [c].[company], [c].[createddate], [c].[currentaddress], [c].[datestatus], [c].[deleteAt], [c].[documentBank], [c].[documentCDD], [c].[documentHistory], [c].[documentJng], [c].[documentWorkCertification], [c].[email], [c].[emergency_address], [c].[emergency_name], [c].[emergency_related], [c].[emergency_tel], [c].[enddateidcard], [c].[hr_contact], [c].[historyCovidVaccine], [c].[idcard], [c].[idcardaddress], [c].[kpi], [c].[languageability], [c].[languageAbilityOther], [c].[lineid], [c].[marriedstatus], [c].[militarstatus], [c].[nameeng], [c].[nameth], [c].[nationality], [c].[nikname], [c].[notestatus], [c].[notework], [c].[otherspecialability], [c].[position], [c].[prefix], [c].[project], [c].[qualification], [c].[religion], [c].[salary], [c].[start_end_work], [c].[status], [c].[status_end], [c].[status_start], [c].[studylocation], [c].[tel], [c].[type_cdd], [c].[updateddate], [c].[userid], [c].[whocancheck_address], [c].[whocancheck_name], [c].[whocancheck_related], [c].[whocancheck_tel], [c].[workarea], [c].[workOtheprovinces], [c].[workposition], [c].[worksalary]
FROM [CDD] AS [c]
2025-08-04 14:33:42.225 +07:00 [INF] Request starting HTTP/2 GET https://localhost:44306/Backend/Summary?handler=Status - null null
2025-08-04 14:33:42.225 +07:00 [INF] Request starting HTTP/2 GET https://localhost:44306/Backend/Report?handler=Project - null null
2025-08-04 14:33:42.225 +07:00 [INF] Executed page /Backend/Notify in 244.7908ms
2025-08-04 14:33:42.225 +07:00 [INF] Executed endpoint '/Backend/Notify'
2025-08-04 14:33:42.226 +07:00 [INF] Request finished HTTP/2 GET https://localhost:44306/Backend/Notify?handler=Notify - 200 null application/json; charset=utf-8 263.9442ms
2025-08-04 14:33:42.226 +07:00 [INF] Executing endpoint '/Backend/Summary'
2025-08-04 14:33:42.226 +07:00 [INF] Route matched with {page = "/Backend/Summary", area = ""}. Executing page /Backend/Summary
2025-08-04 14:33:42.226 +07:00 [INF] Executing endpoint '/Backend/Report'
2025-08-04 14:33:42.226 +07:00 [INF] Route matched with {page = "/Backend/Report", area = ""}. Executing page /Backend/Report
2025-08-04 14:33:42.226 +07:00 [INF] Executing handler method Recruitment.Pages.Backend.SummaryModel.OnGetStatus - ModelState is "Valid"
2025-08-04 14:33:42.226 +07:00 [INF] Executing handler method Recruitment.Pages.Backend.ReportModel.OnGetProject - ModelState is "Valid"
2025-08-04 14:33:42.238 +07:00 [INF] Executed DbCommand (10ms) [Parameters=[], CommandType='"Text"', CommandTimeout='30']
SELECT [p].[id], [p].[createddate], [p].[deleteAt], [p].[name], [p].[status], [p].[updateddate]
FROM [Project] AS [p]
2025-08-04 14:33:42.238 +07:00 [INF] Executed DbCommand (10ms) [Parameters=[], CommandType='"Text"', CommandTimeout='30']
SELECT [r].[id], [r].[createddate], [r].[deleteAt], [r].[name], [r].[status], [r].[updateddate], [r0].[id], [r0].[createddate], [r0].[updateddate], [r0].[recruitStatusId], [r0].[typeform]
FROM [RecruitStatus] AS [r]
INNER JOIN [RecruitStatusFrom] AS [r0] ON [r].[id] = [r0].[recruitStatusId]
2025-08-04 14:33:42.240 +07:00 [INF] Executed handler method OnGetProject, returned result Microsoft.AspNetCore.Mvc.JsonResult.
2025-08-04 14:33:42.240 +07:00 [INF] Executing JsonResult, writing value of type 'System.Collections.Generic.List`1[[Recruitment.Areas.Identity.Data.Project, Recruitment, Version=1.0.0.0, Culture=neutral, PublicKeyToken=null]]'.
2025-08-04 14:33:42.241 +07:00 [INF] Executed page /Backend/Report in 15.207ms
2025-08-04 14:33:42.242 +07:00 [INF] Executed endpoint '/Backend/Report'
2025-08-04 14:33:42.242 +07:00 [INF] Request finished HTTP/2 GET https://localhost:44306/Backend/Report?handler=Project - 200 null application/json; charset=utf-8 17.3343ms
2025-08-04 14:33:42.288 +07:00 [INF] Executed DbCommand (45ms) [Parameters=[], CommandType='"Text"', CommandTimeout='30']
SELECT [a].[Id], [a].[AccessFailedCount], [a].[address], [a].[ConcurrencyStamp], [a].[createddate], [a].[deleteAt], [a].[DepartmentId], [a].[Email], [a].[EmailConfirmed], [a].[firstname], [a].[isactive], [a].[lastname], [a].[LockoutEnabled], [a].[LockoutEnd], [a].[NormalizedEmail], [a].[NormalizedUserName], [a].[PasswordHash], [a].[PhoneNumber], [a].[PhoneNumberConfirmed], [a].[Project], [a].[rawpassword], [a].[SecurityStamp], [a].[status_target], [a].[target_kpi], [a].[targetdate], [a].[todate], [a].[TwoFactorEnabled], [a].[updateddate], [a].[UserName]
FROM [AspNetUsers] AS [a]
2025-08-04 14:33:42.290 +07:00 [INF] Executed handler method OnGetStatus, returned result Microsoft.AspNetCore.Mvc.JsonResult.
2025-08-04 14:33:42.290 +07:00 [INF] Executing JsonResult, writing value of type 'System.Collections.Generic.List`1[[Recruitment.Models.ResponseDTO+RecruitStatusResponse, Recruitment, Version=1.0.0.0, Culture=neutral, PublicKeyToken=null]]'.
2025-08-04 14:33:42.291 +07:00 [INF] Executed page /Backend/Summary in 64.9489ms
2025-08-04 14:33:42.291 +07:00 [INF] Executed endpoint '/Backend/Summary'
2025-08-04 14:33:42.292 +07:00 [INF] Request finished HTTP/2 GET https://localhost:44306/Backend/Summary?handler=Status - 200 null application/json; charset=utf-8 67.0749ms
2025-08-04 14:33:42.485 +07:00 [INF] Executed DbCommand (15ms) [Parameters=[], CommandType='"Text"', CommandTimeout='30']
SELECT [r].[id], [r].[createddate], [r].[deleteAt], [r].[name], [r].[status], [r].[updateddate]
FROM [RecruitStatus] AS [r]
2025-08-04 14:33:42.491 +07:00 [INF] Executed DbCommand (5ms) [Parameters=[], CommandType='"Text"', CommandTimeout='30']
SELECT [p].[id], [p].[createddate], [p].[deleteAt], [p].[name], [p].[status], [p].[updateddate]
FROM [Project] AS [p]
2025-08-04 14:33:42.505 +07:00 [INF] Executed DbCommand (13ms) [Parameters=[], CommandType='"Text"', CommandTimeout='30']
SELECT [a].[Id], [a].[AccessFailedCount], [a].[address], [a].[ConcurrencyStamp], [a].[createddate], [a].[deleteAt], [a].[DepartmentId], [a].[Email], [a].[EmailConfirmed], [a].[firstname], [a].[isactive], [a].[lastname], [a].[LockoutEnabled], [a].[LockoutEnd], [a].[NormalizedEmail], [a].[NormalizedUserName], [a].[PasswordHash], [a].[PhoneNumber], [a].[PhoneNumberConfirmed], [a].[Project], [a].[rawpassword], [a].[SecurityStamp], [a].[status_target], [a].[target_kpi], [a].[targetdate], [a].[todate], [a].[TwoFactorEnabled], [a].[updateddate], [a].[UserName]
FROM [AspNetUsers] AS [a]
2025-08-04 14:33:42.524 +07:00 [INF] Executed DbCommand (7ms) [Parameters=[], CommandType='"Text"', CommandTimeout='30']
SELECT [p].[id], [p].[createddate], [p].[permission], [p].[updateddate], [p].[userid], [p].[create], [p].[createcalendar], [p].[delete], [p].[edit], [p].[editinfo], [p].[editteam], [p].[onlyinfo], [p].[reportinfo], [p].[reportproject], [p].[reporttargetvsachieved], [p].[reportteam], [p].[setting], [p].[viewcalendar], [p].[viewproject], [p].[viewprojectmanage], [p].[viewteam]
FROM [PermissionSetting] AS [p]
2025-08-04 14:33:42.544 +07:00 [INF] Executed handler method OnPostTable, returned result Microsoft.AspNetCore.Mvc.JsonResult.
2025-08-04 14:33:42.545 +07:00 [INF] Executing JsonResult, writing value of type '<>f__AnonymousType34`4[[System.String, System.Private.CoreLib, Version=8.0.0.0, Culture=neutral, PublicKeyToken=7cec85d7bea7798e],[System.Nullable`1[[System.Int32, System.Private.CoreLib, Version=8.0.0.0, Culture=neutral, PublicKeyToken=7cec85d7bea7798e]], System.Private.CoreLib, Version=8.0.0.0, Culture=neutral, PublicKeyToken=7cec85d7bea7798e],[System.Nullable`1[[System.Int32, System.Private.CoreLib, Version=8.0.0.0, Culture=neutral, PublicKeyToken=7cec85d7bea7798e]], System.Private.CoreLib, Version=8.0.0.0, Culture=neutral, PublicKeyToken=7cec85d7bea7798e],[System.Collections.Generic.List`1[[Recruitment.Models.ResponseDTO+SummaryResponse, Recruitment, Version=1.0.0.0, Culture=neutral, PublicKeyToken=null]], System.Private.CoreLib, Version=8.0.0.0, Culture=neutral, PublicKeyToken=7cec85d7bea7798e]]'.
2025-08-04 14:33:42.551 +07:00 [INF] Executed page /Backend/Summary in 592.2457ms
2025-08-04 14:33:42.551 +07:00 [INF] Executed endpoint '/Backend/Summary'
2025-08-04 14:33:42.552 +07:00 [INF] Request finished HTTP/2 POST https://localhost:44306/Backend/Summary?handler=Table - 200 null application/json; charset=utf-8 596.8892ms
2025-08-04 14:33:42.701 +07:00 [INF] Executed DbCommand (6ms) [Parameters=[], CommandType='"Text"', CommandTimeout='30']
SELECT [r].[id], [r].[createddate], [r].[deleteAt], [r].[name], [r].[status], [r].[updateddate]
FROM [RecruitStatus] AS [r]
2025-08-04 14:33:42.708 +07:00 [INF] Executed DbCommand (6ms) [Parameters=[], CommandType='"Text"', CommandTimeout='30']
SELECT [p].[id], [p].[createddate], [p].[deleteAt], [p].[name], [p].[status], [p].[updateddate]
FROM [Project] AS [p]
2025-08-04 14:33:42.717 +07:00 [INF] Executed DbCommand (8ms) [Parameters=[], CommandType='"Text"', CommandTimeout='30']
SELECT [a].[Id], [a].[AccessFailedCount], [a].[address], [a].[ConcurrencyStamp], [a].[createddate], [a].[deleteAt], [a].[DepartmentId], [a].[Email], [a].[EmailConfirmed], [a].[firstname], [a].[isactive], [a].[lastname], [a].[LockoutEnabled], [a].[LockoutEnd], [a].[NormalizedEmail], [a].[NormalizedUserName], [a].[PasswordHash], [a].[PhoneNumber], [a].[PhoneNumberConfirmed], [a].[Project], [a].[rawpassword], [a].[SecurityStamp], [a].[status_target], [a].[target_kpi], [a].[targetdate], [a].[todate], [a].[TwoFactorEnabled], [a].[updateddate], [a].[UserName]
FROM [AspNetUsers] AS [a]
2025-08-04 14:33:42.726 +07:00 [INF] Executed DbCommand (7ms) [Parameters=[], CommandType='"Text"', CommandTimeout='30']
SELECT [p].[id], [p].[createddate], [p].[permission], [p].[updateddate], [p].[userid], [p].[create], [p].[createcalendar], [p].[delete], [p].[edit], [p].[editinfo], [p].[editteam], [p].[onlyinfo], [p].[reportinfo], [p].[reportproject], [p].[reporttargetvsachieved], [p].[reportteam], [p].[setting], [p].[viewcalendar], [p].[viewproject], [p].[viewprojectmanage], [p].[viewteam]
FROM [PermissionSetting] AS [p]
2025-08-04 14:33:42.728 +07:00 [INF] Executed handler method OnPostTable, returned result Microsoft.AspNetCore.Mvc.JsonResult.
2025-08-04 14:33:42.728 +07:00 [INF] Executing JsonResult, writing value of type '<>f__AnonymousType34`4[[System.String, System.Private.CoreLib, Version=8.0.0.0, Culture=neutral, PublicKeyToken=7cec85d7bea7798e],[System.Nullable`1[[System.Int32, System.Private.CoreLib, Version=8.0.0.0, Culture=neutral, PublicKeyToken=7cec85d7bea7798e]], System.Private.CoreLib, Version=8.0.0.0, Culture=neutral, PublicKeyToken=7cec85d7bea7798e],[System.Nullable`1[[System.Int32, System.Private.CoreLib, Version=8.0.0.0, Culture=neutral, PublicKeyToken=7cec85d7bea7798e]], System.Private.CoreLib, Version=8.0.0.0, Culture=neutral, PublicKeyToken=7cec85d7bea7798e],[System.Collections.Generic.List`1[[Recruitment.Models.ResponseDTO+SummaryResponse, Recruitment, Version=1.0.0.0, Culture=neutral, PublicKeyToken=null]], System.Private.CoreLib, Version=8.0.0.0, Culture=neutral, PublicKeyToken=7cec85d7bea7798e]]'.
2025-08-04 14:33:42.729 +07:00 [INF] Executed page /Backend/Summary in 770.1462ms
2025-08-04 14:33:42.729 +07:00 [INF] Executed endpoint '/Backend/Summary'
2025-08-04 14:33:42.729 +07:00 [INF] Request finished HTTP/2 POST https://localhost:44306/Backend/Summary?handler=Table - 200 null application/json; charset=utf-8 774.999ms
2025-08-04 14:34:29.532 +07:00 [INF] Request starting HTTP/2 POST https://localhost:44306/Backend/Summary?handler=Table - application/x-www-form-urlencoded; charset=UTF-8 2057
2025-08-04 14:34:29.534 +07:00 [INF] Executing endpoint '/Backend/Summary'
2025-08-04 14:34:29.534 +07:00 [INF] Route matched with {page = "/Backend/Summary", area = ""}. Executing page /Backend/Summary
2025-08-04 14:34:29.535 +07:00 [INF] Executing handler method Recruitment.Pages.Backend.SummaryModel.OnPostTable - ModelState is "Valid"
2025-08-04 14:34:29.622 +07:00 [INF] Executed DbCommand (85ms) [Parameters=[], CommandType='"Text"', CommandTimeout='30']
SELECT [c].[id], [c].[announcement], [c].[billingcycle], [c].[birthday], [c].[branch], [c].[cause], [c].[companyname], [c].[company], [c].[createddate], [c].[currentaddress], [c].[datestatus], [c].[deleteAt], [c].[documentBank], [c].[documentCDD], [c].[documentHistory], [c].[documentJng], [c].[documentWorkCertification], [c].[email], [c].[emergency_address], [c].[emergency_name], [c].[emergency_related], [c].[emergency_tel], [c].[enddateidcard], [c].[hr_contact], [c].[historyCovidVaccine], [c].[idcard], [c].[idcardaddress], [c].[kpi], [c].[languageability], [c].[languageAbilityOther], [c].[lineid], [c].[marriedstatus], [c].[militarstatus], [c].[nameeng], [c].[nameth], [c].[nationality], [c].[nikname], [c].[notestatus], [c].[notework], [c].[otherspecialability], [c].[position], [c].[prefix], [c].[project], [c].[qualification], [c].[religion], [c].[salary], [c].[start_end_work], [c].[status], [c].[status_end], [c].[status_start], [c].[studylocation], [c].[tel], [c].[type_cdd], [c].[updateddate], [c].[userid], [c].[whocancheck_address], [c].[whocancheck_name], [c].[whocancheck_related], [c].[whocancheck_tel], [c].[workarea], [c].[workOtheprovinces], [c].[workposition], [c].[worksalary]
FROM [CDD] AS [c]
2025-08-04 14:34:29.997 +07:00 [INF] Executed DbCommand (9ms) [Parameters=[], CommandType='"Text"', CommandTimeout='30']
SELECT [r].[id], [r].[createddate], [r].[deleteAt], [r].[name], [r].[status], [r].[updateddate]
FROM [RecruitStatus] AS [r]
2025-08-04 14:34:30.004 +07:00 [INF] Executed DbCommand (6ms) [Parameters=[], CommandType='"Text"', CommandTimeout='30']
SELECT [p].[id], [p].[createddate], [p].[deleteAt], [p].[name], [p].[status], [p].[updateddate]
FROM [Project] AS [p]
2025-08-04 14:34:30.010 +07:00 [INF] Executed DbCommand (6ms) [Parameters=[], CommandType='"Text"', CommandTimeout='30']
SELECT [a].[Id], [a].[AccessFailedCount], [a].[address], [a].[ConcurrencyStamp], [a].[createddate], [a].[deleteAt], [a].[DepartmentId], [a].[Email], [a].[EmailConfirmed], [a].[firstname], [a].[isactive], [a].[lastname], [a].[LockoutEnabled], [a].[LockoutEnd], [a].[NormalizedEmail], [a].[NormalizedUserName], [a].[PasswordHash], [a].[PhoneNumber], [a].[PhoneNumberConfirmed], [a].[Project], [a].[rawpassword], [a].[SecurityStamp], [a].[status_target], [a].[target_kpi], [a].[targetdate], [a].[todate], [a].[TwoFactorEnabled], [a].[updateddate], [a].[UserName]
FROM [AspNetUsers] AS [a]
2025-08-04 14:34:30.022 +07:00 [INF] Executed DbCommand (6ms) [Parameters=[], CommandType='"Text"', CommandTimeout='30']
SELECT [p].[id], [p].[createddate], [p].[permission], [p].[updateddate], [p].[userid], [p].[create], [p].[createcalendar], [p].[delete], [p].[edit], [p].[editinfo], [p].[editteam], [p].[onlyinfo], [p].[reportinfo], [p].[reportproject], [p].[reporttargetvsachieved], [p].[reportteam], [p].[setting], [p].[viewcalendar], [p].[viewproject], [p].[viewprojectmanage], [p].[viewteam]
FROM [PermissionSetting] AS [p]
2025-08-04 14:34:30.027 +07:00 [INF] Executed handler method OnPostTable, returned result Microsoft.AspNetCore.Mvc.JsonResult.
2025-08-04 14:34:30.027 +07:00 [INF] Executing JsonResult, writing value of type '<>f__AnonymousType34`4[[System.String, System.Private.CoreLib, Version=8.0.0.0, Culture=neutral, PublicKeyToken=7cec85d7bea7798e],[System.Nullable`1[[System.Int32, System.Private.CoreLib, Version=8.0.0.0, Culture=neutral, PublicKeyToken=7cec85d7bea7798e]], System.Private.CoreLib, Version=8.0.0.0, Culture=neutral, PublicKeyToken=7cec85d7bea7798e],[System.Nullable`1[[System.Int32, System.Private.CoreLib, Version=8.0.0.0, Culture=neutral, PublicKeyToken=7cec85d7bea7798e]], System.Private.CoreLib, Version=8.0.0.0, Culture=neutral, PublicKeyToken=7cec85d7bea7798e],[System.Collections.Generic.List`1[[Recruitment.Models.ResponseDTO+SummaryResponse, Recruitment, Version=1.0.0.0, Culture=neutral, PublicKeyToken=null]], System.Private.CoreLib, Version=8.0.0.0, Culture=neutral, PublicKeyToken=7cec85d7bea7798e]]'.
2025-08-04 14:34:30.029 +07:00 [INF] Executed page /Backend/Summary in 494.6645ms
2025-08-04 14:34:30.029 +07:00 [INF] Executed endpoint '/Backend/Summary'
2025-08-04 14:34:30.029 +07:00 [INF] Request finished HTTP/2 POST https://localhost:44306/Backend/Summary?handler=Table - 200 null application/json; charset=utf-8 496.9279ms
2025-08-04 14:34:33.679 +07:00 [INF] Request starting HTTP/2 POST https://localhost:44306/Backend/Summary?handler=Table - application/x-www-form-urlencoded; charset=UTF-8 2059
2025-08-04 14:34:33.680 +07:00 [INF] Executing endpoint '/Backend/Summary'
2025-08-04 14:34:33.681 +07:00 [INF] Route matched with {page = "/Backend/Summary", area = ""}. Executing page /Backend/Summary
2025-08-04 14:34:33.681 +07:00 [INF] Executing handler method Recruitment.Pages.Backend.SummaryModel.OnPostTable - ModelState is "Valid"
2025-08-04 14:34:33.763 +07:00 [INF] Executed DbCommand (80ms) [Parameters=[], CommandType='"Text"', CommandTimeout='30']
SELECT [c].[id], [c].[announcement], [c].[billingcycle], [c].[birthday], [c].[branch], [c].[cause], [c].[companyname], [c].[company], [c].[createddate], [c].[currentaddress], [c].[datestatus], [c].[deleteAt], [c].[documentBank], [c].[documentCDD], [c].[documentHistory], [c].[documentJng], [c].[documentWorkCertification], [c].[email], [c].[emergency_address], [c].[emergency_name], [c].[emergency_related], [c].[emergency_tel], [c].[enddateidcard], [c].[hr_contact], [c].[historyCovidVaccine], [c].[idcard], [c].[idcardaddress], [c].[kpi], [c].[languageability], [c].[languageAbilityOther], [c].[lineid], [c].[marriedstatus], [c].[militarstatus], [c].[nameeng], [c].[nameth], [c].[nationality], [c].[nikname], [c].[notestatus], [c].[notework], [c].[otherspecialability], [c].[position], [c].[prefix], [c].[project], [c].[qualification], [c].[religion], [c].[salary], [c].[start_end_work], [c].[status], [c].[status_end], [c].[status_start], [c].[studylocation], [c].[tel], [c].[type_cdd], [c].[updateddate], [c].[userid], [c].[whocancheck_address], [c].[whocancheck_name], [c].[whocancheck_related], [c].[whocancheck_tel], [c].[workarea], [c].[workOtheprovinces], [c].[workposition], [c].[worksalary]
FROM [CDD] AS [c]
2025-08-04 14:34:34.291 +07:00 [INF] Executed DbCommand (7ms) [Parameters=[], CommandType='"Text"', CommandTimeout='30']
SELECT [r].[id], [r].[createddate], [r].[deleteAt], [r].[name], [r].[status], [r].[updateddate]
FROM [RecruitStatus] AS [r]
2025-08-04 14:34:34.297 +07:00 [INF] Executed DbCommand (6ms) [Parameters=[], CommandType='"Text"', CommandTimeout='30']
SELECT [p].[id], [p].[createddate], [p].[deleteAt], [p].[name], [p].[status], [p].[updateddate]
FROM [Project] AS [p]
2025-08-04 14:34:34.305 +07:00 [INF] Executed DbCommand (7ms) [Parameters=[], CommandType='"Text"', CommandTimeout='30']
SELECT [a].[Id], [a].[AccessFailedCount], [a].[address], [a].[ConcurrencyStamp], [a].[createddate], [a].[deleteAt], [a].[DepartmentId], [a].[Email], [a].[EmailConfirmed], [a].[firstname], [a].[isactive], [a].[lastname], [a].[LockoutEnabled], [a].[LockoutEnd], [a].[NormalizedEmail], [a].[NormalizedUserName], [a].[PasswordHash], [a].[PhoneNumber], [a].[PhoneNumberConfirmed], [a].[Project], [a].[rawpassword], [a].[SecurityStamp], [a].[status_target], [a].[target_kpi], [a].[targetdate], [a].[todate], [a].[TwoFactorEnabled], [a].[updateddate], [a].[UserName]
FROM [AspNetUsers] AS [a]
2025-08-04 14:34:34.312 +07:00 [INF] Executed DbCommand (6ms) [Parameters=[], CommandType='"Text"', CommandTimeout='30']
SELECT [p].[id], [p].[createddate], [p].[permission], [p].[updateddate], [p].[userid], [p].[create], [p].[createcalendar], [p].[delete], [p].[edit], [p].[editinfo], [p].[editteam], [p].[onlyinfo], [p].[reportinfo], [p].[reportproject], [p].[reporttargetvsachieved], [p].[reportteam], [p].[setting], [p].[viewcalendar], [p].[viewproject], [p].[viewprojectmanage], [p].[viewteam]
FROM [PermissionSetting] AS [p]
2025-08-04 14:34:34.314 +07:00 [INF] Executed handler method OnPostTable, returned result Microsoft.AspNetCore.Mvc.JsonResult.
2025-08-04 14:34:34.314 +07:00 [INF] Executing JsonResult, writing value of type '<>f__AnonymousType34`4[[System.String, System.Private.CoreLib, Version=8.0.0.0, Culture=neutral, PublicKeyToken=7cec85d7bea7798e],[System.Nullable`1[[System.Int32, System.Private.CoreLib, Version=8.0.0.0, Culture=neutral, PublicKeyToken=7cec85d7bea7798e]], System.Private.CoreLib, Version=8.0.0.0, Culture=neutral, PublicKeyToken=7cec85d7bea7798e],[System.Nullable`1[[System.Int32, System.Private.CoreLib, Version=8.0.0.0, Culture=neutral, PublicKeyToken=7cec85d7bea7798e]], System.Private.CoreLib, Version=8.0.0.0, Culture=neutral, PublicKeyToken=7cec85d7bea7798e],[System.Collections.Generic.List`1[[Recruitment.Models.ResponseDTO+SummaryResponse, Recruitment, Version=1.0.0.0, Culture=neutral, PublicKeyToken=null]], System.Private.CoreLib, Version=8.0.0.0, Culture=neutral, PublicKeyToken=7cec85d7bea7798e]]'.
2025-08-04 14:34:34.316 +07:00 [INF] Executed page /Backend/Summary in 635.6991ms
2025-08-04 14:34:34.316 +07:00 [INF] Executed endpoint '/Backend/Summary'
2025-08-04 14:34:34.317 +07:00 [INF] Request finished HTTP/2 POST https://localhost:44306/Backend/Summary?handler=Table - 200 null application/json; charset=utf-8 637.4104ms
2025-08-04 14:34:35.932 +07:00 [INF] Request starting HTTP/2 POST https://localhost:44306/Backend/Summary?handler=Table - application/x-www-form-urlencoded; charset=UTF-8 2059
2025-08-04 14:34:35.933 +07:00 [INF] Executing endpoint '/Backend/Summary'
2025-08-04 14:34:35.934 +07:00 [INF] Route matched with {page = "/Backend/Summary", area = ""}. Executing page /Backend/Summary
2025-08-04 14:34:35.934 +07:00 [INF] Executing handler method Recruitment.Pages.Backend.SummaryModel.OnPostTable - ModelState is "Valid"
2025-08-04 14:34:35.996 +07:00 [INF] Executed DbCommand (60ms) [Parameters=[], CommandType='"Text"', CommandTimeout='30']
SELECT [c].[id], [c].[announcement], [c].[billingcycle], [c].[birthday], [c].[branch], [c].[cause], [c].[companyname], [c].[company], [c].[createddate], [c].[currentaddress], [c].[datestatus], [c].[deleteAt], [c].[documentBank], [c].[documentCDD], [c].[documentHistory], [c].[documentJng], [c].[documentWorkCertification], [c].[email], [c].[emergency_address], [c].[emergency_name], [c].[emergency_related], [c].[emergency_tel], [c].[enddateidcard], [c].[hr_contact], [c].[historyCovidVaccine], [c].[idcard], [c].[idcardaddress], [c].[kpi], [c].[languageability], [c].[languageAbilityOther], [c].[lineid], [c].[marriedstatus], [c].[militarstatus], [c].[nameeng], [c].[nameth], [c].[nationality], [c].[nikname], [c].[notestatus], [c].[notework], [c].[otherspecialability], [c].[position], [c].[prefix], [c].[project], [c].[qualification], [c].[religion], [c].[salary], [c].[start_end_work], [c].[status], [c].[status_end], [c].[status_start], [c].[studylocation], [c].[tel], [c].[type_cdd], [c].[updateddate], [c].[userid], [c].[whocancheck_address], [c].[whocancheck_name], [c].[whocancheck_related], [c].[whocancheck_tel], [c].[workarea], [c].[workOtheprovinces], [c].[workposition], [c].[worksalary]
FROM [CDD] AS [c]
2025-08-04 14:34:36.599 +07:00 [INF] Executed DbCommand (6ms) [Parameters=[], CommandType='"Text"', CommandTimeout='30']
SELECT [r].[id], [r].[createddate], [r].[deleteAt], [r].[name], [r].[status], [r].[updateddate]
FROM [RecruitStatus] AS [r]
2025-08-04 14:34:36.605 +07:00 [INF] Executed DbCommand (6ms) [Parameters=[], CommandType='"Text"', CommandTimeout='30']
SELECT [p].[id], [p].[createddate], [p].[deleteAt], [p].[name], [p].[status], [p].[updateddate]
FROM [Project] AS [p]
2025-08-04 14:34:36.637 +07:00 [INF] Executed DbCommand (31ms) [Parameters=[], CommandType='"Text"', CommandTimeout='30']
SELECT [a].[Id], [a].[AccessFailedCount], [a].[address], [a].[ConcurrencyStamp], [a].[createddate], [a].[deleteAt], [a].[DepartmentId], [a].[Email], [a].[EmailConfirmed], [a].[firstname], [a].[isactive], [a].[lastname], [a].[LockoutEnabled], [a].[LockoutEnd], [a].[NormalizedEmail], [a].[NormalizedUserName], [a].[PasswordHash], [a].[PhoneNumber], [a].[PhoneNumberConfirmed], [a].[Project], [a].[rawpassword], [a].[SecurityStamp], [a].[status_target], [a].[target_kpi], [a].[targetdate], [a].[todate], [a].[TwoFactorEnabled], [a].[updateddate], [a].[UserName]
FROM [AspNetUsers] AS [a]
2025-08-04 14:34:36.652 +07:00 [INF] Executed DbCommand (10ms) [Parameters=[], CommandType='"Text"', CommandTimeout='30']
SELECT [p].[id], [p].[createddate], [p].[permission], [p].[updateddate], [p].[userid], [p].[create], [p].[createcalendar], [p].[delete], [p].[edit], [p].[editinfo], [p].[editteam], [p].[onlyinfo], [p].[reportinfo], [p].[reportproject], [p].[reporttargetvsachieved], [p].[reportteam], [p].[setting], [p].[viewcalendar], [p].[viewproject], [p].[viewprojectmanage], [p].[viewteam]
FROM [PermissionSetting] AS [p]
2025-08-04 14:34:36.655 +07:00 [INF] Executed handler method OnPostTable, returned result Microsoft.AspNetCore.Mvc.JsonResult.
2025-08-04 14:34:36.655 +07:00 [INF] Executing JsonResult, writing value of type '<>f__AnonymousType34`4[[System.String, System.Private.CoreLib, Version=8.0.0.0, Culture=neutral, PublicKeyToken=7cec85d7bea7798e],[System.Nullable`1[[System.Int32, System.Private.CoreLib, Version=8.0.0.0, Culture=neutral, PublicKeyToken=7cec85d7bea7798e]], System.Private.CoreLib, Version=8.0.0.0, Culture=neutral, PublicKeyToken=7cec85d7bea7798e],[System.Nullable`1[[System.Int32, System.Private.CoreLib, Version=8.0.0.0, Culture=neutral, PublicKeyToken=7cec85d7bea7798e]], System.Private.CoreLib, Version=8.0.0.0, Culture=neutral, PublicKeyToken=7cec85d7bea7798e],[System.Collections.Generic.List`1[[Recruitment.Models.ResponseDTO+SummaryResponse, Recruitment, Version=1.0.0.0, Culture=neutral, PublicKeyToken=null]], System.Private.CoreLib, Version=8.0.0.0, Culture=neutral, PublicKeyToken=7cec85d7bea7798e]]'.
2025-08-04 14:34:36.656 +07:00 [INF] Executed page /Backend/Summary in 722.6094ms
2025-08-04 14:34:36.656 +07:00 [INF] Executed endpoint '/Backend/Summary'
2025-08-04 14:34:36.657 +07:00 [INF] Request finished HTTP/2 POST https://localhost:44306/Backend/Summary?handler=Table - 200 null application/json; charset=utf-8 724.6318ms
2025-08-04 14:34:41.844 +07:00 [INF] Request starting HTTP/2 POST https://localhost:44306/Backend/Summary?handler=Table - application/x-www-form-urlencoded; charset=UTF-8 2059
2025-08-04 14:34:41.845 +07:00 [INF] Executing endpoint '/Backend/Summary'
2025-08-04 14:34:41.845 +07:00 [INF] Route matched with {page = "/Backend/Summary", area = ""}. Executing page /Backend/Summary
2025-08-04 14:34:41.846 +07:00 [INF] Executing handler method Recruitment.Pages.Backend.SummaryModel.OnPostTable - ModelState is "Valid"
2025-08-04 14:34:41.929 +07:00 [INF] Executed DbCommand (82ms) [Parameters=[], CommandType='"Text"', CommandTimeout='30']
SELECT [c].[id], [c].[announcement], [c].[billingcycle], [c].[birthday], [c].[branch], [c].[cause], [c].[companyname], [c].[company], [c].[createddate], [c].[currentaddress], [c].[datestatus], [c].[deleteAt], [c].[documentBank], [c].[documentCDD], [c].[documentHistory], [c].[documentJng], [c].[documentWorkCertification], [c].[email], [c].[emergency_address], [c].[emergency_name], [c].[emergency_related], [c].[emergency_tel], [c].[enddateidcard], [c].[hr_contact], [c].[historyCovidVaccine], [c].[idcard], [c].[idcardaddress], [c].[kpi], [c].[languageability], [c].[languageAbilityOther], [c].[lineid], [c].[marriedstatus], [c].[militarstatus], [c].[nameeng], [c].[nameth], [c].[nationality], [c].[nikname], [c].[notestatus], [c].[notework], [c].[otherspecialability], [c].[position], [c].[prefix], [c].[project], [c].[qualification], [c].[religion], [c].[salary], [c].[start_end_work], [c].[status], [c].[status_end], [c].[status_start], [c].[studylocation], [c].[tel], [c].[type_cdd], [c].[updateddate], [c].[userid], [c].[whocancheck_address], [c].[whocancheck_name], [c].[whocancheck_related], [c].[whocancheck_tel], [c].[workarea], [c].[workOtheprovinces], [c].[workposition], [c].[worksalary]
FROM [CDD] AS [c]
2025-08-04 14:34:42.297 +07:00 [INF] Executed DbCommand (9ms) [Parameters=[], CommandType='"Text"', CommandTimeout='30']
SELECT [r].[id], [r].[createddate], [r].[deleteAt], [r].[name], [r].[status], [r].[updateddate]
FROM [RecruitStatus] AS [r]
2025-08-04 14:34:42.304 +07:00 [INF] Executed DbCommand (6ms) [Parameters=[], CommandType='"Text"', CommandTimeout='30']
SELECT [p].[id], [p].[createddate], [p].[deleteAt], [p].[name], [p].[status], [p].[updateddate]
FROM [Project] AS [p]
2025-08-04 14:34:42.311 +07:00 [INF] Executed DbCommand (7ms) [Parameters=[], CommandType='"Text"', CommandTimeout='30']
SELECT [a].[Id], [a].[AccessFailedCount], [a].[address], [a].[ConcurrencyStamp], [a].[createddate], [a].[deleteAt], [a].[DepartmentId], [a].[Email], [a].[EmailConfirmed], [a].[firstname], [a].[isactive], [a].[lastname], [a].[LockoutEnabled], [a].[LockoutEnd], [a].[NormalizedEmail], [a].[NormalizedUserName], [a].[PasswordHash], [a].[PhoneNumber], [a].[PhoneNumberConfirmed], [a].[Project], [a].[rawpassword], [a].[SecurityStamp], [a].[status_target], [a].[target_kpi], [a].[targetdate], [a].[todate], [a].[TwoFactorEnabled], [a].[updateddate], [a].[UserName]
FROM [AspNetUsers] AS [a]
2025-08-04 14:34:42.319 +07:00 [INF] Executed DbCommand (6ms) [Parameters=[], CommandType='"Text"', CommandTimeout='30']
SELECT [p].[id], [p].[createddate], [p].[permission], [p].[updateddate], [p].[userid], [p].[create], [p].[createcalendar], [p].[delete], [p].[edit], [p].[editinfo], [p].[editteam], [p].[onlyinfo], [p].[reportinfo], [p].[reportproject], [p].[reporttargetvsachieved], [p].[reportteam], [p].[setting], [p].[viewcalendar], [p].[viewproject], [p].[viewprojectmanage], [p].[viewteam]
FROM [PermissionSetting] AS [p]
2025-08-04 14:34:42.321 +07:00 [INF] Executed handler method OnPostTable, returned result Microsoft.AspNetCore.Mvc.JsonResult.
2025-08-04 14:34:42.321 +07:00 [INF] Executing JsonResult, writing value of type '<>f__AnonymousType34`4[[System.String, System.Private.CoreLib, Version=8.0.0.0, Culture=neutral, PublicKeyToken=7cec85d7bea7798e],[System.Nullable`1[[System.Int32, System.Private.CoreLib, Version=8.0.0.0, Culture=neutral, PublicKeyToken=7cec85d7bea7798e]], System.Private.CoreLib, Version=8.0.0.0, Culture=neutral, PublicKeyToken=7cec85d7bea7798e],[System.Nullable`1[[System.Int32, System.Private.CoreLib, Version=8.0.0.0, Culture=neutral, PublicKeyToken=7cec85d7bea7798e]], System.Private.CoreLib, Version=8.0.0.0, Culture=neutral, PublicKeyToken=7cec85d7bea7798e],[System.Collections.Generic.List`1[[Recruitment.Models.ResponseDTO+SummaryResponse, Recruitment, Version=1.0.0.0, Culture=neutral, PublicKeyToken=null]], System.Private.CoreLib, Version=8.0.0.0, Culture=neutral, PublicKeyToken=7cec85d7bea7798e]]'.
2025-08-04 14:34:42.322 +07:00 [INF] Executed page /Backend/Summary in 476.2375ms
2025-08-04 14:34:42.322 +07:00 [INF] Executed endpoint '/Backend/Summary'
2025-08-04 14:34:42.322 +07:00 [INF] Request finished HTTP/2 POST https://localhost:44306/Backend/Summary?handler=Table - 200 null application/json; charset=utf-8 477.992ms
2025-08-04 14:34:44.020 +07:00 [INF] Request starting HTTP/2 POST https://localhost:44306/Backend/Summary?handler=Table - application/x-www-form-urlencoded; charset=UTF-8 2059
2025-08-04 14:34:44.021 +07:00 [INF] Executing endpoint '/Backend/Summary'
2025-08-04 14:34:44.021 +07:00 [INF] Route matched with {page = "/Backend/Summary", area = ""}. Executing page /Backend/Summary
2025-08-04 14:34:44.022 +07:00 [INF] Executing handler method Recruitment.Pages.Backend.SummaryModel.OnPostTable - ModelState is "Valid"
2025-08-04 14:34:44.090 +07:00 [INF] Executed DbCommand (67ms) [Parameters=[], CommandType='"Text"', CommandTimeout='30']
SELECT [c].[id], [c].[announcement], [c].[billingcycle], [c].[birthday], [c].[branch], [c].[cause], [c].[companyname], [c].[company], [c].[createddate], [c].[currentaddress], [c].[datestatus], [c].[deleteAt], [c].[documentBank], [c].[documentCDD], [c].[documentHistory], [c].[documentJng], [c].[documentWorkCertification], [c].[email], [c].[emergency_address], [c].[emergency_name], [c].[emergency_related], [c].[emergency_tel], [c].[enddateidcard], [c].[hr_contact], [c].[historyCovidVaccine], [c].[idcard], [c].[idcardaddress], [c].[kpi], [c].[languageability], [c].[languageAbilityOther], [c].[lineid], [c].[marriedstatus], [c].[militarstatus], [c].[nameeng], [c].[nameth], [c].[nationality], [c].[nikname], [c].[notestatus], [c].[notework], [c].[otherspecialability], [c].[position], [c].[prefix], [c].[project], [c].[qualification], [c].[religion], [c].[salary], [c].[start_end_work], [c].[status], [c].[status_end], [c].[status_start], [c].[studylocation], [c].[tel], [c].[type_cdd], [c].[updateddate], [c].[userid], [c].[whocancheck_address], [c].[whocancheck_name], [c].[whocancheck_related], [c].[whocancheck_tel], [c].[workarea], [c].[workOtheprovinces], [c].[workposition], [c].[worksalary]
FROM [CDD] AS [c]
2025-08-04 14:34:44.516 +07:00 [INF] Executed DbCommand (8ms) [Parameters=[], CommandType='"Text"', CommandTimeout='30']
SELECT [r].[id], [r].[createddate], [r].[deleteAt], [r].[name], [r].[status], [r].[updateddate]
FROM [RecruitStatus] AS [r]
2025-08-04 14:34:44.527 +07:00 [INF] Executed DbCommand (10ms) [Parameters=[], CommandType='"Text"', CommandTimeout='30']
SELECT [p].[id], [p].[createddate], [p].[deleteAt], [p].[name], [p].[status], [p].[updateddate]
FROM [Project] AS [p]
2025-08-04 14:34:44.546 +07:00 [INF] Executed DbCommand (18ms) [Parameters=[], CommandType='"Text"', CommandTimeout='30']
SELECT [a].[Id], [a].[AccessFailedCount], [a].[address], [a].[ConcurrencyStamp], [a].[createddate], [a].[deleteAt], [a].[DepartmentId], [a].[Email], [a].[EmailConfirmed], [a].[firstname], [a].[isactive], [a].[lastname], [a].[LockoutEnabled], [a].[LockoutEnd], [a].[NormalizedEmail], [a].[NormalizedUserName], [a].[PasswordHash], [a].[PhoneNumber], [a].[PhoneNumberConfirmed], [a].[Project], [a].[rawpassword], [a].[SecurityStamp], [a].[status_target], [a].[target_kpi], [a].[targetdate], [a].[todate], [a].[TwoFactorEnabled], [a].[updateddate], [a].[UserName]
FROM [AspNetUsers] AS [a]
2025-08-04 14:34:44.554 +07:00 [INF] Executed DbCommand (7ms) [Parameters=[], CommandType='"Text"', CommandTimeout='30']
SELECT [p].[id], [p].[createddate], [p].[permission], [p].[updateddate], [p].[userid], [p].[create], [p].[createcalendar], [p].[delete], [p].[edit], [p].[editinfo], [p].[editteam], [p].[onlyinfo], [p].[reportinfo], [p].[reportproject], [p].[reporttargetvsachieved], [p].[reportteam], [p].[setting], [p].[viewcalendar], [p].[viewproject], [p].[viewprojectmanage], [p].[viewteam]
FROM [PermissionSetting] AS [p]
2025-08-04 14:34:44.558 +07:00 [INF] Executed handler method OnPostTable, returned result Microsoft.AspNetCore.Mvc.JsonResult.
2025-08-04 14:34:44.558 +07:00 [INF] Executing JsonResult, writing value of type '<>f__AnonymousType34`4[[System.String, System.Private.CoreLib, Version=8.0.0.0, Culture=neutral, PublicKeyToken=7cec85d7bea7798e],[System.Nullable`1[[System.Int32, System.Private.CoreLib, Version=8.0.0.0, Culture=neutral, PublicKeyToken=7cec85d7bea7798e]], System.Private.CoreLib, Version=8.0.0.0, Culture=neutral, PublicKeyToken=7cec85d7bea7798e],[System.Nullable`1[[System.Int32, System.Private.CoreLib, Version=8.0.0.0, Culture=neutral, PublicKeyToken=7cec85d7bea7798e]], System.Private.CoreLib, Version=8.0.0.0, Culture=neutral, PublicKeyToken=7cec85d7bea7798e],[System.Collections.Generic.List`1[[Recruitment.Models.ResponseDTO+SummaryResponse, Recruitment, Version=1.0.0.0, Culture=neutral, PublicKeyToken=null]], System.Private.CoreLib, Version=8.0.0.0, Culture=neutral, PublicKeyToken=7cec85d7bea7798e]]'.
2025-08-04 14:34:44.559 +07:00 [INF] Executed page /Backend/Summary in 537.7715ms
2025-08-04 14:34:44.559 +07:00 [INF] Executed endpoint '/Backend/Summary'
2025-08-04 14:34:44.559 +07:00 [INF] Request finished HTTP/2 POST https://localhost:44306/Backend/Summary?handler=Table - 200 null application/json; charset=utf-8 539.6511ms
2025-08-04 14:34:46.894 +07:00 [INF] Request starting HTTP/2 POST https://localhost:44306/Backend/Summary?handler=Table - application/x-www-form-urlencoded; charset=UTF-8 2059
2025-08-04 14:34:46.895 +07:00 [INF] Executing endpoint '/Backend/Summary'
2025-08-04 14:34:46.895 +07:00 [INF] Route matched with {page = "/Backend/Summary", area = ""}. Executing page /Backend/Summary
2025-08-04 14:34:46.896 +07:00 [INF] Executing handler method Recruitment.Pages.Backend.SummaryModel.OnPostTable - ModelState is "Valid"
2025-08-04 14:34:46.987 +07:00 [INF] Executed DbCommand (90ms) [Parameters=[], CommandType='"Text"', CommandTimeout='30']
SELECT [c].[id], [c].[announcement], [c].[billingcycle], [c].[birthday], [c].[branch], [c].[cause], [c].[companyname], [c].[company], [c].[createddate], [c].[currentaddress], [c].[datestatus], [c].[deleteAt], [c].[documentBank], [c].[documentCDD], [c].[documentHistory], [c].[documentJng], [c].[documentWorkCertification], [c].[email], [c].[emergency_address], [c].[emergency_name], [c].[emergency_related], [c].[emergency_tel], [c].[enddateidcard], [c].[hr_contact], [c].[historyCovidVaccine], [c].[idcard], [c].[idcardaddress], [c].[kpi], [c].[languageability], [c].[languageAbilityOther], [c].[lineid], [c].[marriedstatus], [c].[militarstatus], [c].[nameeng], [c].[nameth], [c].[nationality], [c].[nikname], [c].[notestatus], [c].[notework], [c].[otherspecialability], [c].[position], [c].[prefix], [c].[project], [c].[qualification], [c].[religion], [c].[salary], [c].[start_end_work], [c].[status], [c].[status_end], [c].[status_start], [c].[studylocation], [c].[tel], [c].[type_cdd], [c].[updateddate], [c].[userid], [c].[whocancheck_address], [c].[whocancheck_name], [c].[whocancheck_related], [c].[whocancheck_tel], [c].[workarea], [c].[workOtheprovinces], [c].[workposition], [c].[worksalary]
FROM [CDD] AS [c]
2025-08-04 14:34:47.374 +07:00 [INF] Executed DbCommand (6ms) [Parameters=[], CommandType='"Text"', CommandTimeout='30']
SELECT [r].[id], [r].[createddate], [r].[deleteAt], [r].[name], [r].[status], [r].[updateddate]
FROM [RecruitStatus] AS [r]
2025-08-04 14:34:47.382 +07:00 [INF] Executed DbCommand (7ms) [Parameters=[], CommandType='"Text"', CommandTimeout='30']
SELECT [p].[id], [p].[createddate], [p].[deleteAt], [p].[name], [p].[status], [p].[updateddate]
FROM [Project] AS [p]
2025-08-04 14:34:47.390 +07:00 [INF] Executed DbCommand (8ms) [Parameters=[], CommandType='"Text"', CommandTimeout='30']
SELECT [a].[Id], [a].[AccessFailedCount], [a].[address], [a].[ConcurrencyStamp], [a].[createddate], [a].[deleteAt], [a].[DepartmentId], [a].[Email], [a].[EmailConfirmed], [a].[firstname], [a].[isactive], [a].[lastname], [a].[LockoutEnabled], [a].[LockoutEnd], [a].[NormalizedEmail], [a].[NormalizedUserName], [a].[PasswordHash], [a].[PhoneNumber], [a].[PhoneNumberConfirmed], [a].[Project], [a].[rawpassword], [a].[SecurityStamp], [a].[status_target], [a].[target_kpi], [a].[targetdate], [a].[todate], [a].[TwoFactorEnabled], [a].[updateddate], [a].[UserName]
FROM [AspNetUsers] AS [a]
2025-08-04 14:34:47.404 +07:00 [INF] Executed DbCommand (11ms) [Parameters=[], CommandType='"Text"', CommandTimeout='30']
SELECT [p].[id], [p].[createddate], [p].[permission], [p].[updateddate], [p].[userid], [p].[create], [p].[createcalendar], [p].[delete], [p].[edit], [p].[editinfo], [p].[editteam], [p].[onlyinfo], [p].[reportinfo], [p].[reportproject], [p].[reporttargetvsachieved], [p].[reportteam], [p].[setting], [p].[viewcalendar], [p].[viewproject], [p].[viewprojectmanage], [p].[viewteam]
FROM [PermissionSetting] AS [p]
2025-08-04 14:34:47.407 +07:00 [INF] Executed handler method OnPostTable, returned result Microsoft.AspNetCore.Mvc.JsonResult.
2025-08-04 14:34:47.407 +07:00 [INF] Executing JsonResult, writing value of type '<>f__AnonymousType34`4[[System.String, System.Private.CoreLib, Version=8.0.0.0, Culture=neutral, PublicKeyToken=7cec85d7bea7798e],[System.Nullable`1[[System.Int32, System.Private.CoreLib, Version=8.0.0.0, Culture=neutral, PublicKeyToken=7cec85d7bea7798e]], System.Private.CoreLib, Version=8.0.0.0, Culture=neutral, PublicKeyToken=7cec85d7bea7798e],[System.Nullable`1[[System.Int32, System.Private.CoreLib, Version=8.0.0.0, Culture=neutral, PublicKeyToken=7cec85d7bea7798e]], System.Private.CoreLib, Version=8.0.0.0, Culture=neutral, PublicKeyToken=7cec85d7bea7798e],[System.Collections.Generic.List`1[[Recruitment.Models.ResponseDTO+SummaryResponse, Recruitment, Version=1.0.0.0, Culture=neutral, PublicKeyToken=null]], System.Private.CoreLib, Version=8.0.0.0, Culture=neutral, PublicKeyToken=7cec85d7bea7798e]]'.
2025-08-04 14:34:47.408 +07:00 [INF] Executed page /Backend/Summary in 512.4086ms
2025-08-04 14:34:47.408 +07:00 [INF] Executed endpoint '/Backend/Summary'
2025-08-04 14:34:47.408 +07:00 [INF] Request finished HTTP/2 POST https://localhost:44306/Backend/Summary?handler=Table - 200 null application/json; charset=utf-8 514.1498ms
